Change Component Designator: OldDesignator=D9 NewDesignator=D10
Change Component Designator: OldDesignator=D10 NewDesignator=D11
Change Component Designator: OldDesignator=R32 NewDesignator=R34
Change Component Designator: OldDesignator=R33 NewDesignator=R35
Change Component Designator: OldDesignator=R34 NewDesignator=R36
Change Component Designator: OldDesignator=R35 NewDesignator=R37
Added Component: Designator=D9(MINI_MELF (LL34))
Add component. Clean all parameters for all variants
Add component (AddParameter): Name = "BOM名称"; Value = "高速开关二极管"; VariantName = "[No Variations]"
Add component (AddParameter): Name = "学习资源"; Value = "www.ooocke.com"; VariantName = "[No Variations]"
Add component (AddParameter): Name = "版权归属"; Value = "源创客"; VariantName = "[No Variations]"
Added Component: Designator=LS1(BEEP 7.6X12X9.5)
Add component. Clean all parameters for all variants
Add component (AddParameter): Name = "BOM名称"; Value = "蜂鸣器"; VariantName = "[No Variations]"
Add component (AddParameter): Name = "学习资源"; Value = "www.ooocke.com"; VariantName = "[No Variations]"
Add component (AddParameter): Name = "版权归属"; Value = "源创客"; VariantName = "[No Variations]"
Added Component: Designator=Q6(SOT23-3N)
Add component. Clean all parameters for all variants
Add component (AddParameter): Name = "BOM名称"; Value = "高频放大-NPN型"; VariantName = "[No Variations]"
Add component (AddParameter): Name = "学习资源"; Value = "www.ooocke.com"; VariantName = "[No Variations]"
Add component (AddParameter): Name = "属性"; Value = "40V 1.5A 1W 100MHZ"; VariantName = "[No Variations]"
Add component (AddParameter): Name = "版权归属"; Value = "源创客"; VariantName = "[No Variations]"
Added Component: Designator=R32(0603RR)
Add component. Clean all parameters for all variants
Added Component: Designator=R33(0603RR)
Add component. Clean all parameters for all variants
Added Pin To Net: NetName=MCU_3.3V Pin=D9-2
Added Pin To Net: NetName=MCU_3.3V Pin=LS1-1
Added Pin To Net: NetName=GND Pin=Q6-2
Added Pin To Net: NetName=GND Pin=R33-2
Change Net Name : Old Net Name=NetD10_2 New Net Name=NetD11_2
Change Net Name : Old Net Name=NetR32_2 New Net Name=NetR34_2
Change Net Name : Old Net Name=NetR34_2 New Net Name=NetR36_2
Change Net Name : Old Net Name=NetR35_2 New Net Name=NetR37_2
Added Pin To Net: NetName=BEEP Pin=R32-1
Added Net: Name=BEEP
Added Pin To Net: NetName=NetD9_1 Pin=D9-1
Added Pin To Net: NetName=NetD9_1 Pin=LS1-2
Added Pin To Net: NetName=NetD9_1 Pin=Q6-3
Added Net: Name=NetD9_1
Added Pin To Net: NetName=NetQ6_1 Pin=Q6-1
Added Pin To Net: NetName=NetQ6_1 Pin=R32-2
Added Pin To Net: NetName=NetQ6_1 Pin=R33-1
Added Net: Name=NetQ6_1
Added Member To Class: ClassName=NB-Blue Member=Component D11 SS34
Added Member To Class: ClassName=NB-Blue Member=Component LS1 DC5V
Added Member To Class: ClassName=NB-Blue Member=Component Q6 SS8050
Added Member To Class: ClassName=NB-Blue Member=Component R36 220
Added Member To Class: ClassName=NB-Blue Member=Component R37 220
