Added Component: Designator=BAT?(BATM)
Add component. Clean all parameters for all variants
Added Component: Designator=C?(0603CC)
Add component. Clean all parameters for all variants
Added Component: Designator=C?(0603CC)
Add component. Clean all parameters for all variants
Added Component: Designator=C?(C3216)
Add component. Clean all parameters for all variants
Added Component: Designator=C?(0603CC)
Add component. Clean all parameters for all variants
Added Component: Designator=C?(0603CC)
Add component. Clean all parameters for all variants
Added Component: Designator=C?(CD A(3216))
Add component. Clean all parameters for all variants
Added Component: Designator=C?(0603CC)
Add component. Clean all parameters for all variants
Added Component: Designator=C?(0603CC)
Add component. Clean all parameters for all variants
Added Component: Designator=C?(0603CC)
Add component. Clean all parameters for all variants
Added Component: Designator=C?(C3216)
Add component. Clean all parameters for all variants
Added Component: Designator=C?(0603CC)
Add component. Clean all parameters for all variants
Added Component: Designator=C?(0603CC)
Add component. Clean all parameters for all variants
Added Component: Designator=C?(0603CC)
Add component. Clean all parameters for all variants
Added Component: Designator=C?(0603CC)
Add component. Clean all parameters for all variants
Added Component: Designator=C?(0603CC)
Add component. Clean all parameters for all variants
Added Component: Designator=C?(0603CC)
Add component. Clean all parameters for all variants
Added Component: Designator=C?(0603CC)
Add component. Clean all parameters for all variants
Added Component: Designator=C?(0603CC)
Add component. Clean all parameters for all variants
Added Component: Designator=C?(0603CC)
Add component. Clean all parameters for all variants
Added Component: Designator=C?(0603CC)
Add component. Clean all parameters for all variants
Added Component: Designator=C?(0603CC)
Add component. Clean all parameters for all variants
Added Component: Designator=C?(0603CC)
Add component. Clean all parameters for all variants
Added Component: Designator=C?(0603CC)
Add component. Clean all parameters for all variants
Added Component: Designator=C?(0603CC)
Add component. Clean all parameters for all variants
Added Component: Designator=C?(0603CC)
Add component. Clean all parameters for all variants
Added Component: Designator=C?(0603CC)
Add component. Clean all parameters for all variants
Added Component: Designator=C?(0603CC)
Add component. Clean all parameters for all variants
Added Component: Designator=C?(0603CC)
Add component. Clean all parameters for all variants
Added Component: Designator=C?(0603CC)
Add component. Clean all parameters for all variants
Added Component: Designator=C?(0603CC)
Add component. Clean all parameters for all variants
Added Component: Designator=C?(0603CC)
Add component. Clean all parameters for all variants
Added Component: Designator=C?(0603CC)
Add component. Clean all parameters for all variants
Added Component: Designator=C?(0603CC)
Add component. Clean all parameters for all variants
Added Component: Designator=C?(0603CC)
Add component. Clean all parameters for all variants
Added Component: Designator=C?(0603CC)
Add component. Clean all parameters for all variants
Added Component: Designator=C?(0603CC)
Add component. Clean all parameters for all variants
Added Component: Designator=D?(SOP-16)
Add component. Clean all parameters for all variants
Added Component: Designator=D?(SOP-16)
Add component. Clean all parameters for all variants
Added Component: Designator=D?(0805LED)
Add component. Clean all parameters for all variants
Added Component: Designator=D?(0805LED)
Add component. Clean all parameters for all variants
Added Component: Designator=D?(SOD-323)
Add component. Clean all parameters for all variants
Add component (AddParameter): Name = "BOM名称"; Value = "高速开关二极管"; VariantName = "[No Variations]"
Add component (AddParameter): Name = "学习资源"; Value = "www.ooocke.com"; VariantName = "[No Variations]"
Add component (AddParameter): Name = "版权归属"; Value = "源创客"; VariantName = "[No Variations]"
Added Component: Designator=D?(SMA)
Add component. Clean all parameters for all variants
Added Component: Designator=D?(LED 3MM-G)
Add component. Clean all parameters for all variants
Added Component: Designator=D?(LED 3MM-G)
Add component. Clean all parameters for all variants
Added Component: Designator=D?(LED 3MM-G)
Add component. Clean all parameters for all variants
Added Component: Designator=D?(DIODE_SOP)
Add component. Clean all parameters for all variants
Added Component: Designator=D?(DIODE_SOP)
Add component. Clean all parameters for all variants
Added Component: Designator=JP?(HDR2.54-LI-2x3P)
Add component. Clean all parameters for all variants
Add component (AddParameter): Name = "BOM名称"; Value = "3*2P接插件"; VariantName = "[No Variations]"
Add component (AddParameter): Name = "学习资源"; Value = "www.ooocke.com"; VariantName = "[No Variations]"
Add component (AddParameter): Name = "版权归属"; Value = "源创客"; VariantName = "[No Variations]"
Added Component: Designator=JP?(XH2.54-LI-5P)
Add component. Clean all parameters for all variants
Add component (AddParameter): Name = "BOM名称"; Value = "5P接插件"; VariantName = "[No Variations]"
Add component (AddParameter): Name = "学习资源"; Value = "www.ooocke.com"; VariantName = "[No Variations]"
Add component (AddParameter): Name = "版权归属"; Value = "源创客"; VariantName = "[No Variations]"
Added Component: Designator=JP?(XH2.54-LI-6P)
Add component. Clean all parameters for all variants
Add component (AddParameter): Name = "BOM名称"; Value = "6P接插件"; VariantName = "[No Variations]"
Add component (AddParameter): Name = "学习资源"; Value = "www.ooocke.com"; VariantName = "[No Variations]"
Add component (AddParameter): Name = "版权归属"; Value = "源创客"; VariantName = "[No Variations]"
Added Component: Designator=JP?(IDC2.54-LI-2x4P)
Add component. Clean all parameters for all variants
Add component (AddParameter): Name = "BOM名称"; Value = "4*2P接插件"; VariantName = "[No Variations]"
Add component (AddParameter): Name = "学习资源"; Value = "www.ooocke.com"; VariantName = "[No Variations]"
Add component (AddParameter): Name = "版权归属"; Value = "源创客"; VariantName = "[No Variations]"
Added Component: Designator=JP?(HDR2.54-LI-2x2P)
Add component. Clean all parameters for all variants
Add component (AddParameter): Name = "BOM名称"; Value = "2*2P接插件"; VariantName = "[No Variations]"
Add component (AddParameter): Name = "学习资源"; Value = "www.ooocke.com"; VariantName = "[No Variations]"
Add component (AddParameter): Name = "版权归属"; Value = "源创客"; VariantName = "[No Variations]"
Added Component: Designator=JP?(HDR2.54-LI-2x2P)
Add component. Clean all parameters for all variants
Add component (AddParameter): Name = "BOM名称"; Value = "2*2P接插件"; VariantName = "[No Variations]"
Add component (AddParameter): Name = "学习资源"; Value = "www.ooocke.com"; VariantName = "[No Variations]"
Add component (AddParameter): Name = "版权归属"; Value = "源创客"; VariantName = "[No Variations]"
Added Component: Designator=JP?(HDR2.54-LI-2x8P)
Add component. Clean all parameters for all variants
Add component (AddParameter): Name = "BOM名称"; Value = "8*2P接插件"; VariantName = "[No Variations]"
Add component (AddParameter): Name = "学习资源"; Value = "www.ooocke.com"; VariantName = "[No Variations]"
Add component (AddParameter): Name = "版权归属"; Value = "源创客"; VariantName = "[No Variations]"
Added Component: Designator=JP?(HDR2.54-LI-2x8P)
Add component. Clean all parameters for all variants
Add component (AddParameter): Name = "BOM名称"; Value = "8*2P接插件"; VariantName = "[No Variations]"
Add component (AddParameter): Name = "学习资源"; Value = "www.ooocke.com"; VariantName = "[No Variations]"
Add component (AddParameter): Name = "版权归属"; Value = "源创客"; VariantName = "[No Variations]"
Added Component: Designator=JP?(HDR2.54-LI-2x8P)
Add component. Clean all parameters for all variants
Add component (AddParameter): Name = "BOM名称"; Value = "8*2P接插件"; VariantName = "[No Variations]"
Add component (AddParameter): Name = "学习资源"; Value = "www.ooocke.com"; VariantName = "[No Variations]"
Add component (AddParameter): Name = "版权归属"; Value = "源创客"; VariantName = "[No Variations]"
Added Component: Designator=JP?(HDR2.54-LI-2x8P)
Add component. Clean all parameters for all variants
Add component (AddParameter): Name = "BOM名称"; Value = "8*2P接插件"; VariantName = "[No Variations]"
Add component (AddParameter): Name = "学习资源"; Value = "www.ooocke.com"; VariantName = "[No Variations]"
Add component (AddParameter): Name = "版权归属"; Value = "源创客"; VariantName = "[No Variations]"
Added Component: Designator=JP?(HDR2.54-LI-4P)
Add component. Clean all parameters for all variants
Add component (AddParameter): Name = "BOM名称"; Value = "4P接插件"; VariantName = "[No Variations]"
Add component (AddParameter): Name = "学习资源"; Value = "www.ooocke.com"; VariantName = "[No Variations]"
Add component (AddParameter): Name = "版权归属"; Value = "源创客"; VariantName = "[No Variations]"
Added Component: Designator=JP?(XH2.54-WI-2P)
Add component. Clean all parameters for all variants
Add component (AddParameter): Name = "BOM名称"; Value = "2P接插件"; VariantName = "[No Variations]"
Add component (AddParameter): Name = "学习资源"; Value = "www.ooocke.com"; VariantName = "[No Variations]"
Add component (AddParameter): Name = "版权归属"; Value = "源创客"; VariantName = "[No Variations]"
Added Component: Designator=JP?(HDR2.54-M-LI-8P)
Add component. Clean all parameters for all variants
Add component (AddParameter): Name = "BOM名称"; Value = "8P接插件"; VariantName = "[No Variations]"
Add component (AddParameter): Name = "学习资源"; Value = "www.ooocke.com"; VariantName = "[No Variations]"
Add component (AddParameter): Name = "版权归属"; Value = "源创客"; VariantName = "[No Variations]"
Added Component: Designator=JP?(HDR2.54-LI-5P)
Add component. Clean all parameters for all variants
Add component (AddParameter): Name = "BOM名称"; Value = "5P接插件"; VariantName = "[No Variations]"
Add component (AddParameter): Name = "学习资源"; Value = "www.ooocke.com"; VariantName = "[No Variations]"
Add component (AddParameter): Name = "版权归属"; Value = "源创客"; VariantName = "[No Variations]"
Added Component: Designator=L?(L 0805)
Add component. Clean all parameters for all variants
Add component (AddParameter): Name = "BOM名称"; Value = "小功率贴片电感"; VariantName = "[No Variations]"
Add component (AddParameter): Name = "学习资源"; Value = "www.ooocke.com"; VariantName = "[No Variations]"
Add component (AddParameter): Name = "版权归属"; Value = "源创客"; VariantName = "[No Variations]"
Added Component: Designator=LS?(BEEP 5x9x5.5)
Add component. Clean all parameters for all variants
Add component (AddParameter): Name = "BOM名称"; Value = "蜂鸣器"; VariantName = "[No Variations]"
Add component (AddParameter): Name = "学习资源"; Value = "www.ooocke.com"; VariantName = "[No Variations]"
Add component (AddParameter): Name = "版权归属"; Value = "源创客"; VariantName = "[No Variations]"
Added Component: Designator=Q?(SOT23-3N)
Add component. Clean all parameters for all variants
Add component (AddParameter): Name = "BOM名称"; Value = "高频放大-NPN型"; VariantName = "[No Variations]"
Add component (AddParameter): Name = "学习资源"; Value = "www.ooocke.com"; VariantName = "[No Variations]"
Add component (AddParameter): Name = "属性"; Value = "40V 1.5A 1W 100MHZ"; VariantName = "[No Variations]"
Add component (AddParameter): Name = "版权归属"; Value = "源创客"; VariantName = "[No Variations]"
Added Component: Designator=Q?(SOT23-3N)
Add component. Clean all parameters for all variants
Add component (AddParameter): Name = "BOM名称"; Value = "P沟道场效应管"; VariantName = "[No Variations]"
Add component (AddParameter): Name = "学习资源"; Value = "www.ooocke.com"; VariantName = "[No Variations]"
Add component (AddParameter): Name = "版权归属"; Value = "源创客"; VariantName = "[No Variations]"
Added Component: Designator=Q?(SOT23-3N)
Add component. Clean all parameters for all variants
Add component (AddParameter): Name = "BOM名称"; Value = "高频放大-NPN型"; VariantName = "[No Variations]"
Add component (AddParameter): Name = "学习资源"; Value = "www.ooocke.com"; VariantName = "[No Variations]"
Add component (AddParameter): Name = "属性"; Value = "40V 1.5A 1W 100MHZ"; VariantName = "[No Variations]"
Add component (AddParameter): Name = "版权归属"; Value = "源创客"; VariantName = "[No Variations]"
Added Component: Designator=Q?(SOT23-3N)
Add component. Clean all parameters for all variants
Add component (AddParameter): Name = "BOM名称"; Value = "高频放大-NPN型"; VariantName = "[No Variations]"
Add component (AddParameter): Name = "学习资源"; Value = "www.ooocke.com"; VariantName = "[No Variations]"
Add component (AddParameter): Name = "属性"; Value = "40V 1.5A 1W 100MHZ"; VariantName = "[No Variations]"
Add component (AddParameter): Name = "版权归属"; Value = "源创客"; VariantName = "[No Variations]"
Added Component: Designator=Q?(SOT23-3N)
Add component. Clean all parameters for all variants
Add component (AddParameter): Name = "BOM名称"; Value = "P沟道场效应管"; VariantName = "[No Variations]"
Add component (AddParameter): Name = "学习资源"; Value = "www.ooocke.com"; VariantName = "[No Variations]"
Add component (AddParameter): Name = "版权归属"; Value = "源创客"; VariantName = "[No Variations]"
Added Component: Designator=Q?(SOT23-3N)
Add component. Clean all parameters for all variants
Add component (AddParameter): Name = "BOM名称"; Value = "高频放大-NPN型"; VariantName = "[No Variations]"
Add component (AddParameter): Name = "学习资源"; Value = "www.ooocke.com"; VariantName = "[No Variations]"
Add component (AddParameter): Name = "属性"; Value = "40V 1.5A 1W 100MHZ"; VariantName = "[No Variations]"
Add component (AddParameter): Name = "版权归属"; Value = "源创客"; VariantName = "[No Variations]"
Added Component: Designator=R?(0603RR)
Add component. Clean all parameters for all variants
Added Component: Designator=R?(0603RR)
Add component. Clean all parameters for all variants
Added Component: Designator=R?(0603RR)
Add component. Clean all parameters for all variants
Added Component: Designator=R?(0603RR)
Add component. Clean all parameters for all variants
Added Component: Designator=R?(0603RR)
Add component. Clean all parameters for all variants
Added Component: Designator=R?(0603RR)
Add component. Clean all parameters for all variants
Added Component: Designator=R?(0603RR)
Add component. Clean all parameters for all variants
Added Component: Designator=R?(0603RR)
Add component. Clean all parameters for all variants
Added Component: Designator=R?(0603RR)
Add component. Clean all parameters for all variants
Added Component: Designator=R?(0603RR)
Add component. Clean all parameters for all variants
Added Component: Designator=R?(0603RR)
Add component. Clean all parameters for all variants
Added Component: Designator=R?(0603RR)
Add component. Clean all parameters for all variants
Added Component: Designator=R?(0603RR)
Add component. Clean all parameters for all variants
Added Component: Designator=R?(0603RR)
Add component. Clean all parameters for all variants
Added Component: Designator=R?(0603RR)
Add component. Clean all parameters for all variants
Added Component: Designator=R?(0603RR)
Add component. Clean all parameters for all variants
Added Component: Designator=R?(0603RR)
Add component. Clean all parameters for all variants
Added Component: Designator=R?(0603RR)
Add component. Clean all parameters for all variants
Added Component: Designator=R?(0603RR)
Add component. Clean all parameters for all variants
Added Component: Designator=R?(0603RR)
Add component. Clean all parameters for all variants
Added Component: Designator=R?(0603RR)
Add component. Clean all parameters for all variants
Added Component: Designator=R?(0603RR)
Add component. Clean all parameters for all variants
Added Component: Designator=R?(0603RR)
Add component. Clean all parameters for all variants
Added Component: Designator=R?(0603RR)
Add component. Clean all parameters for all variants
Added Component: Designator=R?(0603RR)
Add component. Clean all parameters for all variants
Added Component: Designator=R?(0603RR)
Add component. Clean all parameters for all variants
Added Component: Designator=R?(0603RR)
Add component. Clean all parameters for all variants
Added Component: Designator=R?(0603RR)
Add component. Clean all parameters for all variants
Added Component: Designator=R?(0603RR)
Add component. Clean all parameters for all variants
Added Component: Designator=R?(0603RR)
Add component. Clean all parameters for all variants
Added Component: Designator=R?(0603RR)
Add component. Clean all parameters for all variants
Added Component: Designator=R?(0603RR)
Add component. Clean all parameters for all variants
Added Component: Designator=R?(0603RR)
Add component. Clean all parameters for all variants
Added Component: Designator=R?(0603RR)
Add component. Clean all parameters for all variants
Added Component: Designator=R?(0603RR)
Add component. Clean all parameters for all variants
Added Component: Designator=R?(0603RR)
Add component. Clean all parameters for all variants
Added Component: Designator=R?(0603RR)
Add component. Clean all parameters for all variants
Added Component: Designator=R?(0603RR)
Add component. Clean all parameters for all variants
Added Component: Designator=R?(0603RR)
Add component. Clean all parameters for all variants
Added Component: Designator=R?(0603RR)
Add component. Clean all parameters for all variants
Added Component: Designator=R?(0603RR)
Add component. Clean all parameters for all variants
Added Component: Designator=R?(0603RR)
Add component. Clean all parameters for all variants
Added Component: Designator=R?(0603RR)
Add component. Clean all parameters for all variants
Added Component: Designator=R?(0603RR)
Add component. Clean all parameters for all variants
Added Component: Designator=R?(0603RR)
Add component. Clean all parameters for all variants
Added Component: Designator=R?(0603RR)
Add component. Clean all parameters for all variants
Added Component: Designator=R?(0603RR)
Add component. Clean all parameters for all variants
Added Component: Designator=R?(0603RR)
Add component. Clean all parameters for all variants
Added Component: Designator=R?(0603RR)
Add component. Clean all parameters for all variants
Added Component: Designator=R?(0603RR)
Add component. Clean all parameters for all variants
Added Component: Designator=R?(0603RR)
Add component. Clean all parameters for all variants
Added Component: Designator=R?(0603RR)
Add component. Clean all parameters for all variants
Added Component: Designator=R?(0603RR)
Add component. Clean all parameters for all variants
Added Component: Designator=R?(0603RR)
Add component. Clean all parameters for all variants
Added Component: Designator=R?(0603RR)
Add component. Clean all parameters for all variants
Added Component: Designator=R?(0603RR)
Add component. Clean all parameters for all variants
Added Component: Designator=R?(0603RR)
Add component. Clean all parameters for all variants
Added Component: Designator=R?(0603RR)
Add component. Clean all parameters for all variants
Added Component: Designator=R?(0603RR)
Add component. Clean all parameters for all variants
Added Component: Designator=R?(0603RR)
Add component. Clean all parameters for all variants
Added Component: Designator=S?(TSW SMD-6*6*6)
Add component. Clean all parameters for all variants
Add component (AddParameter): Name = "LatestRevisionDate"; Value = "17-Jul-2002"; VariantName = "[No Variations]"
Add component (AddParameter): Name = "LatestRevisionNote"; Value = "Re-released for DXP Platform."; VariantName = "[No Variations]"
Add component (AddParameter): Name = "PackageReference"; Value = "SPST-2"; VariantName = "[No Variations]"
Add component (AddParameter): Name = "Published"; Value = "24-Mar-1999"; VariantName = "[No Variations]"
Add component (AddParameter): Name = "Publisher"; Value = "Altium Limited"; VariantName = "[No Variations]"
Added Component: Designator=S?(TSW SMD-4*4*1.5)
Add component. Clean all parameters for all variants
Add component (AddParameter): Name = "LatestRevisionDate"; Value = "17-Jul-2002"; VariantName = "[No Variations]"
Add component (AddParameter): Name = "LatestRevisionNote"; Value = "Re-released for DXP Platform."; VariantName = "[No Variations]"
Add component (AddParameter): Name = "PackageReference"; Value = "SPST-2"; VariantName = "[No Variations]"
Add component (AddParameter): Name = "Published"; Value = "24-Mar-1999"; VariantName = "[No Variations]"
Add component (AddParameter): Name = "Publisher"; Value = "Altium Limited"; VariantName = "[No Variations]"
Added Component: Designator=U?(HC-08)
Add component. Clean all parameters for all variants
Added Component: Designator=U?(SOT223_N)
Add component. Clean all parameters for all variants
Added Component: Designator=U?(SOT223_N)
Add component. Clean all parameters for all variants
Added Component: Designator=U?(BC95)
Add component. Clean all parameters for all variants
Add component (AddParameter): Name = "Height"; Value = ""; VariantName = "[No Variations]"
Add component (AddParameter): Name = "Manufacture"; Value = ""; VariantName = "[No Variations]"
Add component (AddParameter): Name = "Part Description"; Value = ""; VariantName = "[No Variations]"
Add component (AddParameter): Name = "Value"; Value = ""; VariantName = "[No Variations]"
Added Component: Designator=U?(SIM 6P 自弹)
Add component. Clean all parameters for all variants
Added Component: Designator=U?(LQFP144)
Add component. Clean all parameters for all variants
Added Component: Designator=U?(SOP16_L)
Add component. Clean all parameters for all variants
Added Component: Designator=USB?(USB-MICRO_A)
Add component. Clean all parameters for all variants
Add component (AddParameter): Name = "BOM名称"; Value = "微型USB母座"; VariantName = "[No Variations]"
Add component (AddParameter): Name = "学习资源"; Value = "www.ooocke.com"; VariantName = "[No Variations]"
Add component (AddParameter): Name = "版权归属"; Value = "源创客"; VariantName = "[No Variations]"
Added Component: Designator=X?(OSC 3215-2P)
Add component. Clean all parameters for all variants
Add component (AddParameter): Name = "BOM名称"; Value = "2脚无源脚晶振"; VariantName = "[No Variations]"
Add component (AddParameter): Name = "学习资源"; Value = "www.ooocke.com"; VariantName = "[No Variations]"
Add component (AddParameter): Name = "版权归属"; Value = "源创客"; VariantName = "[No Variations]"
Added Component: Designator=X?(OSC 3225-4P)
Add component. Clean all parameters for all variants
Add component (AddParameter): Name = "BOM名称"; Value = "4脚无源晶振"; VariantName = "[No Variations]"
Add component (AddParameter): Name = "学习资源"; Value = "www.ooocke.com"; VariantName = "[No Variations]"
Add component (AddParameter): Name = "版权归属"; Value = "源创客"; VariantName = "[No Variations]"
Added Pin To Net: NetName=BEEP Pin=R?-1
Added Pin To Net: NetName=BEEP Pin=U?-133
Added Net: Name=BEEP
Added Pin To Net: NetName=BLE_CLEAR Pin=U?-18
Added Pin To Net: NetName=BLE_CLEAR Pin=U?-40
Added Net: Name=BLE_CLEAR
Added Pin To Net: NetName=BLE_CON_LED Pin=R?-1
Added Pin To Net: NetName=BLE_CON_LED Pin=U?-17
Added Pin To Net: NetName=BLE_CON_LED Pin=U?-41
Added Net: Name=BLE_CON_LED
Added Pin To Net: NetName=BLE_GND Pin=JP?-3
Added Pin To Net: NetName=BLE_GND Pin=U?-28
Added Net: Name=BLE_GND
Added Pin To Net: NetName=BLE_Pilot_LED_CON Pin=U?-14
Added Pin To Net: NetName=BLE_Pilot_LED_CON Pin=U?-42
Added Net: Name=BLE_Pilot_LED_CON
Added Pin To Net: NetName=BLE_Pilot_LED Pin=R?-1
Added Pin To Net: NetName=BLE_Pilot_LED Pin=U?-16
Added Net: Name=BLE_Pilot_LED
Added Pin To Net: NetName=BLE_RXD Pin=JP?-2
Added Pin To Net: NetName=BLE_RXD Pin=U?-29
Added Net: Name=BLE_RXD
Added Pin To Net: NetName=BLE_TXD Pin=JP?-1
Added Pin To Net: NetName=BLE_TXD Pin=U?-30
Added Net: Name=BLE_TXD
Added Pin To Net: NetName=BLE_VCC Pin=JP?-4
Added Pin To Net: NetName=BLE_VCC Pin=U?-27
Added Net: Name=BLE_VCC
Added Pin To Net: NetName=Blue_Power_Control Pin=R?-1
Added Pin To Net: NetName=Blue_Power_Control Pin=U?-103
Added Net: Name=Blue_Power_Control
Added Pin To Net: NetName=Blue_RST Pin=U?-11
Added Pin To Net: NetName=Blue_RST Pin=U?-43
Added Net: Name=Blue_RST
Added Pin To Net: NetName=Blue_RXD_PA2 Pin=JP?-3
Added Pin To Net: NetName=Blue_RXD_PA2 Pin=U?-36
Added Net: Name=Blue_RXD_PA2
Added Pin To Net: NetName=Blue_TXD_PA3 Pin=JP?-1
Added Pin To Net: NetName=Blue_TXD_PA3 Pin=U?-37
Added Net: Name=Blue_TXD_PA3
Added Pin To Net: NetName=GND Pin=BAT?-2
Added Pin To Net: NetName=GND Pin=C?-1
Added Pin To Net: NetName=GND Pin=C?-1
Added Pin To Net: NetName=GND Pin=C?-1
Added Pin To Net: NetName=GND Pin=C?-1
Added Pin To Net: NetName=GND Pin=C?-1
Added Pin To Net: NetName=GND Pin=C?-1
Added Pin To Net: NetName=GND Pin=C?-1
Added Pin To Net: NetName=GND Pin=C?-1
Added Pin To Net: NetName=GND Pin=C?-1
Added Pin To Net: NetName=GND Pin=C?-1
Added Pin To Net: NetName=GND Pin=C?-1
Added Pin To Net: NetName=GND Pin=C?-1
Added Pin To Net: NetName=GND Pin=C?-1
Added Pin To Net: NetName=GND Pin=C?-1
Added Pin To Net: NetName=GND Pin=C?-1
Added Pin To Net: NetName=GND Pin=C?-1
Added Pin To Net: NetName=GND Pin=C?-1
Added Pin To Net: NetName=GND Pin=C?-1
Added Pin To Net: NetName=GND Pin=C?-1
Added Pin To Net: NetName=GND Pin=C?-1
Added Pin To Net: NetName=GND Pin=C?-1
Added Pin To Net: NetName=GND Pin=C?-1
Added Pin To Net: NetName=GND Pin=C?-1
Added Pin To Net: NetName=GND Pin=C?-1
Added Pin To Net: NetName=GND Pin=C?-2
Added Pin To Net: NetName=GND Pin=C?-2
Added Pin To Net: NetName=GND Pin=C?-2
Added Pin To Net: NetName=GND Pin=C?-2
Added Pin To Net: NetName=GND Pin=C?-2
Added Pin To Net: NetName=GND Pin=C?-2
Added Pin To Net: NetName=GND Pin=C?-2
Added Pin To Net: NetName=GND Pin=C?-2
Added Pin To Net: NetName=GND Pin=C?-2
Added Pin To Net: NetName=GND Pin=C?-2
Added Pin To Net: NetName=GND Pin=C?-2
Added Pin To Net: NetName=GND Pin=D?-2
Added Pin To Net: NetName=GND Pin=D?-2
Added Pin To Net: NetName=GND Pin=D?-2
Added Pin To Net: NetName=GND Pin=D?-4
Added Pin To Net: NetName=GND Pin=D?-6
Added Pin To Net: NetName=GND Pin=D?-8
Added Pin To Net: NetName=GND Pin=D?-9
Added Pin To Net: NetName=GND Pin=D?-11
Added Pin To Net: NetName=GND Pin=D?-13
Added Pin To Net: NetName=GND Pin=D?-15
Added Pin To Net: NetName=GND Pin=JP?-1
Added Pin To Net: NetName=GND Pin=JP?-1
Added Pin To Net: NetName=GND Pin=JP?-2
Added Pin To Net: NetName=GND Pin=JP?-3
Added Pin To Net: NetName=GND Pin=JP?-4
Added Pin To Net: NetName=GND Pin=JP?-6
Added Pin To Net: NetName=GND Pin=JP?-8
Added Pin To Net: NetName=GND Pin=Q?-2
Added Pin To Net: NetName=GND Pin=Q?-2
Added Pin To Net: NetName=GND Pin=Q?-2
Added Pin To Net: NetName=GND Pin=Q?-2
Added Pin To Net: NetName=GND Pin=R?-1
Added Pin To Net: NetName=GND Pin=R?-1
Added Pin To Net: NetName=GND Pin=R?-1
Added Pin To Net: NetName=GND Pin=R?-1
Added Pin To Net: NetName=GND Pin=R?-1
Added Pin To Net: NetName=GND Pin=R?-1
Added Pin To Net: NetName=GND Pin=R?-2
Added Pin To Net: NetName=GND Pin=R?-2
Added Pin To Net: NetName=GND Pin=R?-2
Added Pin To Net: NetName=GND Pin=R?-2
Added Pin To Net: NetName=GND Pin=R?-2
Added Pin To Net: NetName=GND Pin=S?-2
Added Pin To Net: NetName=GND Pin=S?-2
Added Pin To Net: NetName=GND Pin=U?-1
Added Pin To Net: NetName=GND Pin=U?-1
Added Pin To Net: NetName=GND Pin=U?-1
Added Pin To Net: NetName=GND Pin=U?-2
Added Pin To Net: NetName=GND Pin=U?-13
Added Pin To Net: NetName=GND Pin=U?-16
Added Pin To Net: NetName=GND Pin=U?-30
Added Pin To Net: NetName=GND Pin=U?-31
Added Pin To Net: NetName=GND Pin=U?-38
Added Pin To Net: NetName=GND Pin=U?-43
Added Pin To Net: NetName=GND Pin=U?-47
Added Pin To Net: NetName=GND Pin=U?-48
Added Pin To Net: NetName=GND Pin=U?-51
Added Pin To Net: NetName=GND Pin=U?-51
Added Pin To Net: NetName=GND Pin=U?-52
Added Pin To Net: NetName=GND Pin=U?-54
Added Pin To Net: NetName=GND Pin=U?-61
Added Pin To Net: NetName=GND Pin=U?-71
Added Pin To Net: NetName=GND Pin=U?-83
Added Pin To Net: NetName=GND Pin=U?-94
Added Pin To Net: NetName=GND Pin=U?-107
Added Pin To Net: NetName=GND Pin=U?-120
Added Pin To Net: NetName=GND Pin=U?-130
Added Pin To Net: NetName=GND Pin=U?-143
Added Pin To Net: NetName=GND Pin=USB?-4
Added Pin To Net: NetName=GND Pin=USB?-5
Added Pin To Net: NetName=GND Pin=USB?-5
Added Pin To Net: NetName=GND Pin=USB?-5
Added Pin To Net: NetName=GND Pin=USB?-5
Added Pin To Net: NetName=GND Pin=USB?-5
Added Net: Name=GND
Added Pin To Net: NetName=IN1_PC4 Pin=D?-16
Added Pin To Net: NetName=IN1_PC4 Pin=R?-1
Added Pin To Net: NetName=IN1_PC4 Pin=U?-44
Added Net: Name=IN1_PC4
Added Pin To Net: NetName=IN1 Pin=D?-2
Added Pin To Net: NetName=IN1 Pin=JP?-2
Added Pin To Net: NetName=IN1 Pin=R?-1
Added Net: Name=IN1
Added Pin To Net: NetName=IN2_PC5 Pin=D?-14
Added Pin To Net: NetName=IN2_PC5 Pin=R?-1
Added Pin To Net: NetName=IN2_PC5 Pin=U?-45
Added Net: Name=IN2_PC5
Added Pin To Net: NetName=IN2 Pin=D?-4
Added Pin To Net: NetName=IN2 Pin=JP?-3
Added Pin To Net: NetName=IN2 Pin=R?-1
Added Net: Name=IN2
Added Pin To Net: NetName=IN3_PC6 Pin=D?-12
Added Pin To Net: NetName=IN3_PC6 Pin=R?-1
Added Pin To Net: NetName=IN3_PC6 Pin=U?-96
Added Net: Name=IN3_PC6
Added Pin To Net: NetName=IN3 Pin=D?-6
Added Pin To Net: NetName=IN3 Pin=JP?-4
Added Pin To Net: NetName=IN3 Pin=R?-1
Added Net: Name=IN3
Added Pin To Net: NetName=IN4_PC7 Pin=D?-10
Added Pin To Net: NetName=IN4_PC7 Pin=R?-1
Added Pin To Net: NetName=IN4_PC7 Pin=U?-97
Added Net: Name=IN4_PC7
Added Pin To Net: NetName=IN4 Pin=D?-8
Added Pin To Net: NetName=IN4 Pin=JP?-5
Added Pin To Net: NetName=IN4 Pin=R?-1
Added Net: Name=IN4
Added Pin To Net: NetName=IN_COM+ Pin=JP?-1
Added Pin To Net: NetName=IN_COM+ Pin=R?-1
Added Pin To Net: NetName=IN_COM+ Pin=R?-1
Added Pin To Net: NetName=IN_COM+ Pin=R?-1
Added Pin To Net: NetName=IN_COM+ Pin=R?-1
Added Net: Name=IN_COM+
Added Pin To Net: NetName=LED1 Pin=D?-2
Added Pin To Net: NetName=LED1 Pin=U?-73
Added Net: Name=LED1
Added Pin To Net: NetName=LED2 Pin=D?-2
Added Pin To Net: NetName=LED2 Pin=U?-74
Added Net: Name=LED2
Added Pin To Net: NetName=LED3 Pin=D?-2
Added Pin To Net: NetName=LED3 Pin=U?-75
Added Net: Name=LED3
Added Pin To Net: NetName=MCU_3.3V Pin=C?-1
Added Pin To Net: NetName=MCU_3.3V Pin=C?-1
Added Pin To Net: NetName=MCU_3.3V Pin=C?-2
Added Pin To Net: NetName=MCU_3.3V Pin=C?-2
Added Pin To Net: NetName=MCU_3.3V Pin=C?-2
Added Pin To Net: NetName=MCU_3.3V Pin=C?-2
Added Pin To Net: NetName=MCU_3.3V Pin=C?-2
Added Pin To Net: NetName=MCU_3.3V Pin=C?-2
Added Pin To Net: NetName=MCU_3.3V Pin=C?-2
Added Pin To Net: NetName=MCU_3.3V Pin=C?-2
Added Pin To Net: NetName=MCU_3.3V Pin=C?-2
Added Pin To Net: NetName=MCU_3.3V Pin=C?-2
Added Pin To Net: NetName=MCU_3.3V Pin=C?-2
Added Pin To Net: NetName=MCU_3.3V Pin=C?-2
Added Pin To Net: NetName=MCU_3.3V Pin=D?-1
Added Pin To Net: NetName=MCU_3.3V Pin=D?-2
Added Pin To Net: NetName=MCU_3.3V Pin=JP?-2
Added Pin To Net: NetName=MCU_3.3V Pin=JP?-5
Added Pin To Net: NetName=MCU_3.3V Pin=JP?-5
Added Pin To Net: NetName=MCU_3.3V Pin=JP?-7
Added Pin To Net: NetName=MCU_3.3V Pin=LS?-1
Added Pin To Net: NetName=MCU_3.3V Pin=Q?-2
Added Pin To Net: NetName=MCU_3.3V Pin=Q?-2
Added Pin To Net: NetName=MCU_3.3V Pin=R?-1
Added Pin To Net: NetName=MCU_3.3V Pin=R?-1
Added Pin To Net: NetName=MCU_3.3V Pin=R?-1
Added Pin To Net: NetName=MCU_3.3V Pin=R?-1
Added Pin To Net: NetName=MCU_3.3V Pin=R?-2
Added Pin To Net: NetName=MCU_3.3V Pin=R?-2
Added Pin To Net: NetName=MCU_3.3V Pin=R?-2
Added Pin To Net: NetName=MCU_3.3V Pin=R?-2
Added Pin To Net: NetName=MCU_3.3V Pin=R?-2
Added Pin To Net: NetName=MCU_3.3V Pin=R?-2
Added Pin To Net: NetName=MCU_3.3V Pin=R?-2
Added Pin To Net: NetName=MCU_3.3V Pin=R?-2
Added Pin To Net: NetName=MCU_3.3V Pin=R?-2
Added Pin To Net: NetName=MCU_3.3V Pin=U?-2
Added Pin To Net: NetName=MCU_3.3V Pin=U?-4
Added Pin To Net: NetName=MCU_3.3V Pin=U?-17
Added Pin To Net: NetName=MCU_3.3V Pin=U?-39
Added Pin To Net: NetName=MCU_3.3V Pin=U?-52
Added Pin To Net: NetName=MCU_3.3V Pin=U?-62
Added Pin To Net: NetName=MCU_3.3V Pin=U?-72
Added Pin To Net: NetName=MCU_3.3V Pin=U?-84
Added Pin To Net: NetName=MCU_3.3V Pin=U?-95
Added Pin To Net: NetName=MCU_3.3V Pin=U?-108
Added Pin To Net: NetName=MCU_3.3V Pin=U?-121
Added Pin To Net: NetName=MCU_3.3V Pin=U?-131
Added Pin To Net: NetName=MCU_3.3V Pin=U?-144
Added Net: Name=MCU_3.3V
Added Pin To Net: NetName=MCU_RST Pin=C?-2
Added Pin To Net: NetName=MCU_RST Pin=JP?-1
Added Pin To Net: NetName=MCU_RST Pin=R?-1
Added Pin To Net: NetName=MCU_RST Pin=S?-1
Added Pin To Net: NetName=MCU_RST Pin=U?-25
Added Net: Name=MCU_RST
Added Pin To Net: NetName=NB_Power_Control Pin=R?-1
Added Pin To Net: NetName=NB_Power_Control Pin=U?-104
Added Net: Name=NB_Power_Control
Added Pin To Net: NetName=NB_RESET_Control Pin=R?-1
Added Pin To Net: NetName=NB_RESET_Control Pin=U?-100
Added Net: Name=NB_RESET_Control
Added Pin To Net: NetName=NB_RESET Pin=Q?-3
Added Pin To Net: NetName=NB_RESET Pin=U?-15
Added Net: Name=NB_RESET
Added Pin To Net: NetName=NB_R Pin=JP?-3
Added Pin To Net: NetName=NB_R Pin=U?-29
Added Net: Name=NB_R
Added Pin To Net: NetName=NB_RXD_PA9 Pin=JP?-4
Added Pin To Net: NetName=NB_RXD_PA9 Pin=U?-101
Added Net: Name=NB_RXD_PA9
Added Pin To Net: NetName=NB_T Pin=JP?-1
Added Pin To Net: NetName=NB_T Pin=U?-30
Added Net: Name=NB_T
Added Pin To Net: NetName=NB_TXD_PA10 Pin=JP?-2
Added Pin To Net: NetName=NB_TXD_PA10 Pin=U?-102
Added Net: Name=NB_TXD_PA10
Added Pin To Net: NetName=NetBAT?_1 Pin=BAT?-1
Added Pin To Net: NetName=NetBAT?_1 Pin=D?-1
Added Net: Name=NetBAT?_1
Added Pin To Net: NetName=NetC?_1 Pin=C?-1
Added Pin To Net: NetName=NetC?_1 Pin=U?-4
Added Net: Name=NetC?_1
Added Pin To Net: NetName=NetC?_2 Pin=C?-2
Added Pin To Net: NetName=NetC?_2 Pin=R?-1
Added Pin To Net: NetName=NetC?_2 Pin=R?-2
Added Pin To Net: NetName=NetC?_2 Pin=R?-2
Added Net: Name=NetC?_2
Added Pin To Net: NetName=NetD?_1 Pin=D?-1
Added Pin To Net: NetName=NetD?_1 Pin=R?-2
Added Pin To Net: NetName=NetD?_1 Pin=R?-2
Added Net: Name=NetD?_1
Added Pin To Net: NetName=NetD?_2 Pin=D?-2
Added Pin To Net: NetName=NetD?_2 Pin=U?-3
Added Net: Name=NetD?_2
Added Pin To Net: NetName=NetD?_3 Pin=D?-3
Added Pin To Net: NetName=NetD?_3 Pin=R?-2
Added Pin To Net: NetName=NetD?_3 Pin=R?-2
Added Net: Name=NetD?_3
Added Pin To Net: NetName=NetD?_5 Pin=D?-5
Added Pin To Net: NetName=NetD?_5 Pin=R?-2
Added Pin To Net: NetName=NetD?_5 Pin=R?-2
Added Net: Name=NetD?_5
Added Pin To Net: NetName=NetD?_7 Pin=D?-7
Added Pin To Net: NetName=NetD?_7 Pin=R?-2
Added Pin To Net: NetName=NetD?_7 Pin=R?-2
Added Net: Name=NetD?_7
Added Pin To Net: NetName=NetJP?_2 Pin=JP?-2
Added Pin To Net: NetName=NetJP?_2 Pin=U?-1
Added Net: Name=NetJP?_2
Added Pin To Net: NetName=NetJP?_3 Pin=JP?-3
Added Pin To Net: NetName=NetJP?_3 Pin=R?-2
Added Net: Name=NetJP?_3
Added Pin To Net: NetName=NetJP?_4 Pin=JP?-4
Added Pin To Net: NetName=NetJP?_4 Pin=R?-2
Added Net: Name=NetJP?_4
Added Pin To Net: NetName=NetJP?_5 Pin=JP?-5
Added Pin To Net: NetName=NetJP?_5 Pin=R?-2
Added Net: Name=NetJP?_5
Added Pin To Net: NetName=NetJP?_6 Pin=JP?-6
Added Pin To Net: NetName=NetJP?_6 Pin=R?-2
Added Net: Name=NetJP?_6
Added Pin To Net: NetName=NetJP?_7 Pin=JP?-7
Added Pin To Net: NetName=NetJP?_7 Pin=R?-2
Added Net: Name=NetJP?_7
Added Pin To Net: NetName=NetJP?_8 Pin=JP?-8
Added Pin To Net: NetName=NetJP?_8 Pin=R?-2
Added Net: Name=NetJP?_8
Added Pin To Net: NetName=NetL?_1 Pin=L?-1
Added Pin To Net: NetName=NetL?_1 Pin=U?-32
Added Net: Name=NetL?_1
Added Pin To Net: NetName=NetQ?_1 Pin=Q?-1
Added Pin To Net: NetName=NetQ?_1 Pin=Q?-3
Added Pin To Net: NetName=NetQ?_1 Pin=R?-1
Added Net: Name=NetQ?_1
Added Pin To Net: NetName=NetR?_2 Pin=R?-2
Added Pin To Net: NetName=NetR?_2 Pin=U?-2
Added Net: Name=NetR?_2
Added Pin To Net: NetName=OLED_CLK Pin=R?-1
Added Pin To Net: NetName=OLED_CLK Pin=U?-140
Added Net: Name=OLED_CLK
Added Pin To Net: NetName=OLED_CS1 Pin=R?-1
Added Pin To Net: NetName=OLED_CS1 Pin=U?-136
Added Net: Name=OLED_CS1
Added Pin To Net: NetName=OLED_CS2 Pin=R?-1
Added Pin To Net: NetName=OLED_CS2 Pin=U?-134
Added Net: Name=OLED_CS2
Added Pin To Net: NetName=OLED_DC Pin=R?-1
Added Pin To Net: NetName=OLED_DC Pin=U?-137
Added Net: Name=OLED_DC
Added Pin To Net: NetName=OLED_FSO Pin=R?-1
Added Pin To Net: NetName=OLED_FSO Pin=U?-135
Added Net: Name=OLED_FSO
Added Pin To Net: NetName=OLED_MOSI Pin=R?-1
Added Pin To Net: NetName=OLED_MOSI Pin=U?-139
Added Net: Name=OLED_MOSI
Added Pin To Net: NetName=OUT_1 Pin=D?-16
Added Pin To Net: NetName=OUT_1 Pin=JP?-2
Added Pin To Net: NetName=OUT_1 Pin=R?-2
Added Net: Name=OUT_1
Added Pin To Net: NetName=OUT_2 Pin=D?-14
Added Pin To Net: NetName=OUT_2 Pin=JP?-3
Added Pin To Net: NetName=OUT_2 Pin=R?-2
Added Net: Name=OUT_2
Added Pin To Net: NetName=OUT_3 Pin=D?-12
Added Pin To Net: NetName=OUT_3 Pin=JP?-4
Added Pin To Net: NetName=OUT_3 Pin=R?-2
Added Net: Name=OUT_3
Added Pin To Net: NetName=OUT_4 Pin=D?-10
Added Pin To Net: NetName=OUT_4 Pin=JP?-5
Added Pin To Net: NetName=OUT_4 Pin=R?-2
Added Net: Name=OUT_4
Added Pin To Net: NetName=OUT_COM+ Pin=C?-2
Added Pin To Net: NetName=OUT_COM+ Pin=JP?-1
Added Pin To Net: NetName=OUT_COM+ Pin=R?-1
Added Pin To Net: NetName=OUT_COM+ Pin=R?-1
Added Pin To Net: NetName=OUT_COM+ Pin=R?-1
Added Pin To Net: NetName=OUT_COM+ Pin=R?-1
Added Net: Name=OUT_COM+
Added Pin To Net: NetName=OUT_COM- Pin=C?-1
Added Pin To Net: NetName=OUT_COM- Pin=D?-9
Added Pin To Net: NetName=OUT_COM- Pin=D?-11
Added Pin To Net: NetName=OUT_COM- Pin=D?-13
Added Pin To Net: NetName=OUT_COM- Pin=D?-15
Added Pin To Net: NetName=OUT_COM- Pin=JP?-6
Added Net: Name=OUT_COM-
Added Pin To Net: NetName=OUT_CON_1_PC0 Pin=R?-1
Added Pin To Net: NetName=OUT_CON_1_PC0 Pin=U?-26
Added Net: Name=OUT_CON_1_PC0
Added Pin To Net: NetName=OUT_CON_2_PC1 Pin=R?-1
Added Pin To Net: NetName=OUT_CON_2_PC1 Pin=U?-27
Added Net: Name=OUT_CON_2_PC1
Added Pin To Net: NetName=OUT_CON_3_PC2 Pin=R?-1
Added Pin To Net: NetName=OUT_CON_3_PC2 Pin=U?-28
Added Net: Name=OUT_CON_3_PC2
Added Pin To Net: NetName=OUT_CON_4_PC3 Pin=R?-1
Added Pin To Net: NetName=OUT_CON_4_PC3 Pin=U?-29
Added Net: Name=OUT_CON_4_PC3
Added Pin To Net: NetName=PC8 Pin=JP?-1
Added Pin To Net: NetName=PC8 Pin=U?-98
Added Net: Name=PC8
Added Pin To Net: NetName=PC9 Pin=JP?-2
Added Pin To Net: NetName=PC9 Pin=U?-99
Added Net: Name=PC9
Added Pin To Net: NetName=PC10 Pin=JP?-3
Added Pin To Net: NetName=PC10 Pin=U?-111
Added Net: Name=PC10
Added Pin To Net: NetName=PC11 Pin=JP?-4
Added Pin To Net: NetName=PC11 Pin=U?-112
Added Net: Name=PC11
Added Pin To Net: NetName=PC12 Pin=JP?-5
Added Pin To Net: NetName=PC12 Pin=U?-113
Added Net: Name=PC12
Added Pin To Net: NetName=PC13 Pin=JP?-6
Added Pin To Net: NetName=PC13 Pin=U?-7
Added Net: Name=PC13
Added Pin To Net: NetName=PD0 Pin=JP?-1
Added Pin To Net: NetName=PD0 Pin=U?-114
Added Net: Name=PD0
Added Pin To Net: NetName=PD1 Pin=JP?-2
Added Pin To Net: NetName=PD1 Pin=U?-115
Added Net: Name=PD1
Added Pin To Net: NetName=PD2 Pin=JP?-3
Added Pin To Net: NetName=PD2 Pin=U?-116
Added Net: Name=PD2
Added Pin To Net: NetName=PD3 Pin=JP?-4
Added Pin To Net: NetName=PD3 Pin=U?-117
Added Net: Name=PD3
Added Pin To Net: NetName=PD4 Pin=JP?-5
Added Pin To Net: NetName=PD4 Pin=U?-118
Added Net: Name=PD4
Added Pin To Net: NetName=PD5 Pin=JP?-6
Added Pin To Net: NetName=PD5 Pin=U?-119
Added Net: Name=PD5
Added Pin To Net: NetName=PD6 Pin=JP?-7
Added Pin To Net: NetName=PD6 Pin=U?-122
Added Net: Name=PD6
Added Pin To Net: NetName=PD7 Pin=JP?-8
Added Pin To Net: NetName=PD7 Pin=U?-123
Added Net: Name=PD7
Added Pin To Net: NetName=PD8 Pin=JP?-9
Added Pin To Net: NetName=PD8 Pin=U?-77
Added Net: Name=PD8
Added Pin To Net: NetName=PD9 Pin=JP?-10
Added Pin To Net: NetName=PD9 Pin=U?-78
Added Net: Name=PD9
Added Pin To Net: NetName=PD10 Pin=JP?-11
Added Pin To Net: NetName=PD10 Pin=U?-79
Added Net: Name=PD10
Added Pin To Net: NetName=PD11 Pin=JP?-12
Added Pin To Net: NetName=PD11 Pin=U?-80
Added Net: Name=PD11
Added Pin To Net: NetName=PD12 Pin=JP?-13
Added Pin To Net: NetName=PD12 Pin=U?-81
Added Net: Name=PD12
Added Pin To Net: NetName=PD13 Pin=JP?-14
Added Pin To Net: NetName=PD13 Pin=U?-82
Added Net: Name=PD13
Added Pin To Net: NetName=PD14 Pin=JP?-15
Added Pin To Net: NetName=PD14 Pin=U?-85
Added Net: Name=PD14
Added Pin To Net: NetName=PD15 Pin=JP?-16
Added Pin To Net: NetName=PD15 Pin=U?-86
Added Net: Name=PD15
Added Pin To Net: NetName=PE0 Pin=JP?-1
Added Pin To Net: NetName=PE0 Pin=U?-141
Added Net: Name=PE0
Added Pin To Net: NetName=PE1 Pin=JP?-2
Added Pin To Net: NetName=PE1 Pin=U?-142
Added Net: Name=PE1
Added Pin To Net: NetName=PE2 Pin=JP?-3
Added Pin To Net: NetName=PE2 Pin=U?-1
Added Net: Name=PE2
Added Pin To Net: NetName=PE3 Pin=JP?-4
Added Pin To Net: NetName=PE3 Pin=U?-2
Added Net: Name=PE3
Added Pin To Net: NetName=PE4 Pin=JP?-5
Added Pin To Net: NetName=PE4 Pin=U?-3
Added Net: Name=PE4
Added Pin To Net: NetName=PE5 Pin=JP?-6
Added Pin To Net: NetName=PE5 Pin=U?-4
Added Net: Name=PE5
Added Pin To Net: NetName=PE6 Pin=JP?-7
Added Pin To Net: NetName=PE6 Pin=U?-5
Added Net: Name=PE6
Added Pin To Net: NetName=PE7 Pin=JP?-8
Added Pin To Net: NetName=PE7 Pin=U?-58
Added Net: Name=PE7
Added Pin To Net: NetName=PE8 Pin=JP?-9
Added Pin To Net: NetName=PE8 Pin=U?-59
Added Net: Name=PE8
Added Pin To Net: NetName=PE9 Pin=JP?-10
Added Pin To Net: NetName=PE9 Pin=U?-60
Added Net: Name=PE9
Added Pin To Net: NetName=PE10 Pin=JP?-11
Added Pin To Net: NetName=PE10 Pin=U?-63
Added Net: Name=PE10
Added Pin To Net: NetName=PE11 Pin=JP?-12
Added Pin To Net: NetName=PE11 Pin=U?-64
Added Net: Name=PE11
Added Pin To Net: NetName=PE12 Pin=JP?-13
Added Pin To Net: NetName=PE12 Pin=U?-65
Added Net: Name=PE12
Added Pin To Net: NetName=PE13 Pin=JP?-14
Added Pin To Net: NetName=PE13 Pin=U?-66
Added Net: Name=PE13
Added Pin To Net: NetName=PE14 Pin=JP?-15
Added Pin To Net: NetName=PE14 Pin=U?-67
Added Net: Name=PE14
Added Pin To Net: NetName=PE15 Pin=JP?-16
Added Pin To Net: NetName=PE15 Pin=U?-68
Added Net: Name=PE15
Added Pin To Net: NetName=PF0 Pin=JP?-1
Added Pin To Net: NetName=PF0 Pin=U?-10
Added Net: Name=PF0
Added Pin To Net: NetName=PF1 Pin=JP?-2
Added Pin To Net: NetName=PF1 Pin=U?-11
Added Net: Name=PF1
Added Pin To Net: NetName=PF2 Pin=JP?-3
Added Pin To Net: NetName=PF2 Pin=U?-12
Added Net: Name=PF2
Added Pin To Net: NetName=PF3 Pin=JP?-4
Added Pin To Net: NetName=PF3 Pin=U?-13
Added Net: Name=PF3
Added Pin To Net: NetName=PF4 Pin=JP?-5
Added Pin To Net: NetName=PF4 Pin=U?-14
Added Net: Name=PF4
Added Pin To Net: NetName=PF5 Pin=JP?-6
Added Pin To Net: NetName=PF5 Pin=U?-15
Added Net: Name=PF5
Added Pin To Net: NetName=PF6 Pin=JP?-7
Added Pin To Net: NetName=PF6 Pin=U?-18
Added Net: Name=PF6
Added Pin To Net: NetName=PF7 Pin=JP?-8
Added Pin To Net: NetName=PF7 Pin=U?-19
Added Net: Name=PF7
Added Pin To Net: NetName=PF8 Pin=JP?-9
Added Pin To Net: NetName=PF8 Pin=U?-20
Added Net: Name=PF8
Added Pin To Net: NetName=PF9 Pin=JP?-10
Added Pin To Net: NetName=PF9 Pin=U?-21
Added Net: Name=PF9
Added Pin To Net: NetName=PF10 Pin=JP?-11
Added Pin To Net: NetName=PF10 Pin=U?-22
Added Net: Name=PF10
Added Pin To Net: NetName=PF11 Pin=JP?-12
Added Pin To Net: NetName=PF11 Pin=U?-49
Added Net: Name=PF11
Added Pin To Net: NetName=PF12 Pin=JP?-13
Added Pin To Net: NetName=PF12 Pin=U?-50
Added Net: Name=PF12
Added Pin To Net: NetName=PF13 Pin=JP?-14
Added Pin To Net: NetName=PF13 Pin=U?-53
Added Net: Name=PF13
Added Pin To Net: NetName=PF14 Pin=JP?-15
Added Pin To Net: NetName=PF14 Pin=U?-54
Added Net: Name=PF14
Added Pin To Net: NetName=PF15 Pin=JP?-16
Added Pin To Net: NetName=PF15 Pin=U?-55
Added Net: Name=PF15
Added Pin To Net: NetName=PG0 Pin=JP?-1
Added Pin To Net: NetName=PG0 Pin=U?-56
Added Net: Name=PG0
Added Pin To Net: NetName=PG1 Pin=JP?-2
Added Pin To Net: NetName=PG1 Pin=U?-57
Added Net: Name=PG1
Added Pin To Net: NetName=PG2 Pin=JP?-3
Added Pin To Net: NetName=PG2 Pin=U?-87
Added Net: Name=PG2
Added Pin To Net: NetName=PG3 Pin=JP?-4
Added Pin To Net: NetName=PG3 Pin=U?-88
Added Net: Name=PG3
Added Pin To Net: NetName=PG4 Pin=JP?-5
Added Pin To Net: NetName=PG4 Pin=U?-89
Added Net: Name=PG4
Added Pin To Net: NetName=PG5 Pin=JP?-6
Added Pin To Net: NetName=PG5 Pin=U?-90
Added Net: Name=PG5
Added Pin To Net: NetName=PG6 Pin=JP?-7
Added Pin To Net: NetName=PG6 Pin=U?-91
Added Net: Name=PG6
Added Pin To Net: NetName=PG7 Pin=JP?-8
Added Pin To Net: NetName=PG7 Pin=U?-92
Added Net: Name=PG7
Added Pin To Net: NetName=PG8 Pin=JP?-9
Added Pin To Net: NetName=PG8 Pin=U?-93
Added Net: Name=PG8
Added Pin To Net: NetName=PG9 Pin=JP?-10
Added Pin To Net: NetName=PG9 Pin=U?-124
Added Net: Name=PG9
Added Pin To Net: NetName=PG10 Pin=JP?-11
Added Pin To Net: NetName=PG10 Pin=U?-125
Added Net: Name=PG10
Added Pin To Net: NetName=PG11 Pin=JP?-12
Added Pin To Net: NetName=PG11 Pin=U?-126
Added Net: Name=PG11
Added Pin To Net: NetName=PG12 Pin=JP?-13
Added Pin To Net: NetName=PG12 Pin=U?-127
Added Net: Name=PG12
Added Pin To Net: NetName=PG13 Pin=JP?-14
Added Pin To Net: NetName=PG13 Pin=U?-128
Added Net: Name=PG13
Added Pin To Net: NetName=PG14 Pin=JP?-15
Added Pin To Net: NetName=PG14 Pin=U?-129
Added Net: Name=PG14
Added Pin To Net: NetName=PG15 Pin=JP?-16
Added Pin To Net: NetName=PG15 Pin=U?-132
Added Net: Name=PG15
Added Pin To Net: NetName=POWER_+ Pin=D?-1
Added Pin To Net: NetName=POWER_+ Pin=JP?-2
Added Net: Name=POWER_+
Added Pin To Net: NetName=POWER_ADC Pin=R?-1
Added Pin To Net: NetName=POWER_ADC Pin=U?-35
Added Net: Name=POWER_ADC
Added Pin To Net: NetName=SWCLK_PA14 Pin=JP?-4
Added Pin To Net: NetName=SWCLK_PA14 Pin=U?-109
Added Net: Name=SWCLK_PA14
Added Pin To Net: NetName=SWDIO_PA13 Pin=JP?-2
Added Pin To Net: NetName=SWDIO_PA13 Pin=U?-105
Added Net: Name=SWDIO_PA13
Added Pin To Net: NetName=UD+ Pin=U?-5
Added Pin To Net: NetName=UD+ Pin=USB?-3
Added Net: Name=UD+
Added Pin To Net: NetName=UD- Pin=U?-6
Added Pin To Net: NetName=UD- Pin=USB?-2
Added Net: Name=UD-
Added Pin To Net: NetName=USART3_RXD_PB10 Pin=R?-1
Added Pin To Net: NetName=USART3_RXD_PB10 Pin=U?-69
Added Net: Name=USART3_RXD_PB10
Added Pin To Net: NetName=USART3_TXD_PB11 Pin=R?-1
Added Pin To Net: NetName=USART3_TXD_PB11 Pin=U?-70
Added Net: Name=USART3_TXD_PB11
Added Pin To Net: NetName=USIM_CLK Pin=C?-2
Added Pin To Net: NetName=USIM_CLK Pin=R?-1
Added Pin To Net: NetName=USIM_CLK Pin=U?-41
Added Net: Name=USIM_CLK
Added Pin To Net: NetName=USIM_GND Pin=U?-4
Added Pin To Net: NetName=USIM_GND Pin=U?-4
Added Pin To Net: NetName=USIM_GND Pin=U?-4
Added Pin To Net: NetName=USIM_GND Pin=U?-4
Added Pin To Net: NetName=USIM_GND Pin=U?-4
Added Pin To Net: NetName=USIM_GND Pin=U?-42
Added Net: Name=USIM_GND
Added Pin To Net: NetName=USIM_IO Pin=R?-1
Added Pin To Net: NetName=USIM_IO Pin=U?-40
Added Net: Name=USIM_IO
Added Pin To Net: NetName=USIM_RST Pin=C?-2
Added Pin To Net: NetName=USIM_RST Pin=R?-1
Added Pin To Net: NetName=USIM_RST Pin=U?-39
Added Net: Name=USIM_RST
Added Pin To Net: NetName=USIM_VDD Pin=C?-2
Added Pin To Net: NetName=USIM_VDD Pin=R?-1
Added Pin To Net: NetName=USIM_VDD Pin=U?-1
Added Pin To Net: NetName=USIM_VDD Pin=U?-38
Added Net: Name=USIM_VDD
Added Pin To Net: NetName=VCC_5V Pin=C?-1
Added Pin To Net: NetName=VCC_5V Pin=C?-1
Added Pin To Net: NetName=VCC_5V Pin=C?-2
Added Pin To Net: NetName=VCC_5V Pin=JP?-1
Added Pin To Net: NetName=VCC_5V Pin=JP?-3
Added Pin To Net: NetName=VCC_5V Pin=U?-3
Added Pin To Net: NetName=VCC_5V Pin=U?-4
Added Pin To Net: NetName=VCC_5V Pin=U?-16
Added Pin To Net: NetName=VCC_5V Pin=USB?-1
Added Net: Name=VCC_5V
Added Pin To Net: NetName=VCC_BLUE Pin=C?-2
Added Pin To Net: NetName=VCC_BLUE Pin=Q?-3
Added Pin To Net: NetName=VCC_BLUE Pin=U?-12
Added Net: Name=VCC_BLUE
Added Pin To Net: NetName=VCC_NB Pin=C?-1
Added Pin To Net: NetName=VCC_NB Pin=Q?-3
Added Pin To Net: NetName=VCC_NB Pin=U?-45
Added Pin To Net: NetName=VCC_NB Pin=U?-46
Added Net: Name=VCC_NB
Added Pin To Net: NetName=WakeUp_KEY1_PA0 Pin=C?-1
Added Pin To Net: NetName=WakeUp_KEY1_PA0 Pin=R?-1
Added Pin To Net: NetName=WakeUp_KEY1_PA0 Pin=S?-1
Added Pin To Net: NetName=WakeUp_KEY1_PA0 Pin=U?-34
Added Net: Name=WakeUp_KEY1_PA0
Added Class: Name=MCU
Added Room: Name=MCU
