Change Component Designator: OldDesignator=C? NewDesignator=C1
Change Component Designator: OldDesignator=C? NewDesignator=C2
Change Component Designator: OldDesignator=C? NewDesignator=C3
Change Component Designator: OldDesignator=C? NewDesignator=C4
Change Component Designator: OldDesignator=C? NewDesignator=C5
Change Component Designator: OldDesignator=C? NewDesignator=C6
Change Component Designator: OldDesignator=C? NewDesignator=C7
Change Component Designator: OldDesignator=C? NewDesignator=C8
Change Component Designator: OldDesignator=C? NewDesignator=C9
Change Component Designator: OldDesignator=C? NewDesignator=C10
Change Component Designator: OldDesignator=C? NewDesignator=C11
Change Component Designator: OldDesignator=C? NewDesignator=C12
Change Component Designator: OldDesignator=C? NewDesignator=C13
Change Component Designator: OldDesignator=C? NewDesignator=C14
Change Component Designator: OldDesignator=C? NewDesignator=C15
Change Component Designator: OldDesignator=C? NewDesignator=C16
Change Component Designator: OldDesignator=C? NewDesignator=C17
Change Component Designator: OldDesignator=C? NewDesignator=C18
Change Component Designator: OldDesignator=C? NewDesignator=C19
Change Component Designator: OldDesignator=C? NewDesignator=C20
Change Component Designator: OldDesignator=C? NewDesignator=C21
Change Component Designator: OldDesignator=C? NewDesignator=C22
Change Component Designator: OldDesignator=C? NewDesignator=C23
Change Component Designator: OldDesignator=C? NewDesignator=C24
Change Component Designator: OldDesignator=C? NewDesignator=C25
Change Component Designator: OldDesignator=C? NewDesignator=C26
Change Component Designator: OldDesignator=C? NewDesignator=C27
Change Component Designator: OldDesignator=C? NewDesignator=C28
Change Component Designator: OldDesignator=C? NewDesignator=C29
Change Component Designator: OldDesignator=C? NewDesignator=C30
Change Component Designator: OldDesignator=C? NewDesignator=C31
Change Component Designator: OldDesignator=C? NewDesignator=C32
Change Component Designator: OldDesignator=C? NewDesignator=C33
Change Component Designator: OldDesignator=C? NewDesignator=C34
Change Component Designator: OldDesignator=C? NewDesignator=C35
Change Component Designator: OldDesignator=C? NewDesignator=C36
Change Component Designator: OldDesignator=D? NewDesignator=D1
Change Component Designator: OldDesignator=D? NewDesignator=D2
Change Component Designator: OldDesignator=D? NewDesignator=D3
Change Component Designator: OldDesignator=D? NewDesignator=D4
Change Component Designator: OldDesignator=D? NewDesignator=D5
Change Component Designator: OldDesignator=D? NewDesignator=D6
Change Component Designator: OldDesignator=D? NewDesignator=D7
Change Component Designator: OldDesignator=D? NewDesignator=D8
Change Component Designator: OldDesignator=D? NewDesignator=D9
Change Component Designator: OldDesignator=D? NewDesignator=D10
Change Component Designator: OldDesignator=D? NewDesignator=D11
Change Component Designator: OldDesignator=JP? NewDesignator=JP1
Change Component Designator: OldDesignator=JP? NewDesignator=JP2
Change Component Designator: OldDesignator=JP? NewDesignator=JP3
Change Component Designator: OldDesignator=JP? NewDesignator=JP4
Change Component Designator: OldDesignator=JP? NewDesignator=JP5
Change Component Designator: OldDesignator=JP? NewDesignator=JP6
Change Component Designator: OldDesignator=JP? NewDesignator=JP7
Change Component Designator: OldDesignator=JP? NewDesignator=JP8
Change Component Designator: OldDesignator=JP? NewDesignator=JP9
Change Component Designator: OldDesignator=JP? NewDesignator=JP10
Change Component Designator: OldDesignator=JP? NewDesignator=JP11
Change Component Designator: OldDesignator=JP? NewDesignator=JP12
Change Component Designator: OldDesignator=JP? NewDesignator=JP13
Change Component Designator: OldDesignator=JP? NewDesignator=JP14
Change Component Designator: OldDesignator=L? NewDesignator=L1
Change Component Designator: OldDesignator=LS? NewDesignator=LS1
Change Component Designator: OldDesignator=Q? NewDesignator=Q1
Change Component Designator: OldDesignator=Q? NewDesignator=Q2
Change Component Designator: OldDesignator=Q? NewDesignator=Q3
Change Component Designator: OldDesignator=Q? NewDesignator=Q4
Change Component Designator: OldDesignator=Q? NewDesignator=Q5
Change Component Designator: OldDesignator=Q? NewDesignator=Q6
Change Component Designator: OldDesignator=R? NewDesignator=R1
Change Component Designator: OldDesignator=R? NewDesignator=R2
Change Component Designator: OldDesignator=R? NewDesignator=R3
Change Component Designator: OldDesignator=R? NewDesignator=R4
Change Component Designator: OldDesignator=R? NewDesignator=R5
Change Component Designator: OldDesignator=R? NewDesignator=R6
Change Component Designator: OldDesignator=R? NewDesignator=R7
Change Component Designator: OldDesignator=R? NewDesignator=R8
Change Component Designator: OldDesignator=R? NewDesignator=R9
Change Component Designator: OldDesignator=R? NewDesignator=R10
Change Component Designator: OldDesignator=R? NewDesignator=R11
Change Component Designator: OldDesignator=R? NewDesignator=R12
Change Component Designator: OldDesignator=R? NewDesignator=R13
Change Component Designator: OldDesignator=R? NewDesignator=R14
Change Component Designator: OldDesignator=R? NewDesignator=R15
Change Component Designator: OldDesignator=R? NewDesignator=R16
Change Component Designator: OldDesignator=R? NewDesignator=R17
Change Component Designator: OldDesignator=R? NewDesignator=R18
Change Component Designator: OldDesignator=R? NewDesignator=R19
Change Component Designator: OldDesignator=R? NewDesignator=R20
Change Component Designator: OldDesignator=R? NewDesignator=R21
Change Component Designator: OldDesignator=R? NewDesignator=R22
Change Component Designator: OldDesignator=R? NewDesignator=R23
Change Component Designator: OldDesignator=R? NewDesignator=R24
Change Component Designator: OldDesignator=R? NewDesignator=R25
Change Component Designator: OldDesignator=R? NewDesignator=R26
Change Component Designator: OldDesignator=R? NewDesignator=R27
Change Component Designator: OldDesignator=R? NewDesignator=R28
Change Component Designator: OldDesignator=R? NewDesignator=R29
Change Component Designator: OldDesignator=R? NewDesignator=R30
Change Component Designator: OldDesignator=R? NewDesignator=R31
Change Component Designator: OldDesignator=R? NewDesignator=R32
Change Component Designator: OldDesignator=R? NewDesignator=R33
Change Component Designator: OldDesignator=R? NewDesignator=R34
Change Component Designator: OldDesignator=R? NewDesignator=R35
Change Component Designator: OldDesignator=R? NewDesignator=R36
Change Component Designator: OldDesignator=R? NewDesignator=R37
Change Component Designator: OldDesignator=R? NewDesignator=R38
Change Component Designator: OldDesignator=R? NewDesignator=R39
Change Component Designator: OldDesignator=R? NewDesignator=R40
Change Component Designator: OldDesignator=R? NewDesignator=R41
Change Component Designator: OldDesignator=R? NewDesignator=R42
Change Component Designator: OldDesignator=R? NewDesignator=R43
Change Component Designator: OldDesignator=R? NewDesignator=R44
Change Component Designator: OldDesignator=R? NewDesignator=R45
Change Component Designator: OldDesignator=R? NewDesignator=R46
Change Component Designator: OldDesignator=R? NewDesignator=R47
Change Component Designator: OldDesignator=R? NewDesignator=R48
Change Component Designator: OldDesignator=R? NewDesignator=R49
Change Component Designator: OldDesignator=R? NewDesignator=R50
Change Component Designator: OldDesignator=R? NewDesignator=R51
Change Component Designator: OldDesignator=R? NewDesignator=R52
Change Component Designator: OldDesignator=R? NewDesignator=R53
Change Component Designator: OldDesignator=R? NewDesignator=R54
Change Component Designator: OldDesignator=R? NewDesignator=R55
Change Component Designator: OldDesignator=R? NewDesignator=R56
Change Component Designator: OldDesignator=R? NewDesignator=R57
Change Component Designator: OldDesignator=R? NewDesignator=R58
Change Component Designator: OldDesignator=R? NewDesignator=R59
Change Component Designator: OldDesignator=R? NewDesignator=R60
Change Component Designator: OldDesignator=S? NewDesignator=S1
Change Component Designator: OldDesignator=S? NewDesignator=S2
Change Component Designator: OldDesignator=U? NewDesignator=U1
Change Component Designator: OldDesignator=U? NewDesignator=U2
Change Component Designator: OldDesignator=U? NewDesignator=U3
Change Component Designator: OldDesignator=U? NewDesignator=U4
Change Component Designator: OldDesignator=U? NewDesignator=U5
Change Component Designator: OldDesignator=U? NewDesignator=U6
Change Component Designator: OldDesignator=U? NewDesignator=U7
Change Component Designator: OldDesignator=USB? NewDesignator=USB1
Change Component Designator: OldDesignator=X? NewDesignator=X1
Change Component Designator: OldDesignator=X? NewDesignator=X2
Change Net Name : Old Net Name=NetC?_1 New Net Name=NetC13_1
Change Net Name : Old Net Name=NetC?_2 New Net Name=NetC14_2
Change Net Name : Old Net Name=NetD?_1 New Net Name=NetD2_1
Change Net Name : Old Net Name=NetD?_2 New Net Name=NetD11_2
Change Net Name : Old Net Name=NetD?_3 New Net Name=NetD2_3
Change Net Name : Old Net Name=NetD?_5 New Net Name=NetD2_5
Change Net Name : Old Net Name=NetD?_7 New Net Name=NetD2_7
Change Net Name : Old Net Name=NetJP?_2 New Net Name=NetJP5_2
Change Net Name : Old Net Name=NetJP?_3 New Net Name=NetJP4_3
Change Net Name : Old Net Name=NetJP?_4 New Net Name=NetJP4_4
Change Net Name : Old Net Name=NetJP?_5 New Net Name=NetJP4_5
Change Net Name : Old Net Name=NetJP?_6 New Net Name=NetJP4_6
Change Net Name : Old Net Name=NetJP?_7 New Net Name=NetJP4_7
Change Net Name : Old Net Name=NetJP?_8 New Net Name=NetJP4_8
Change Net Name : Old Net Name=NetL?_1 New Net Name=NetL1_1
Change Net Name : Old Net Name=NetQ?_1 New Net Name=NetQ2_1
Change Net Name : Old Net Name=NetR?_2 New Net Name=NetR46_2
Added Pin To Net: NetName=NetC1_1 Pin=C1-1
Added Pin To Net: NetName=NetC1_1 Pin=R4-2
Added Net: Name=NetC1_1
Added Pin To Net: NetName=NetC2_1 Pin=C2-1
Added Pin To Net: NetName=NetC2_1 Pin=R4-1
Added Pin To Net: NetName=NetC2_1 Pin=U1-53
Added Net: Name=NetC2_1
Added Pin To Net: NetName=NetC15_1 Pin=C15-1
Added Pin To Net: NetName=NetC15_1 Pin=U4-8
Added Pin To Net: NetName=NetC15_1 Pin=X1-1
Added Net: Name=NetC15_1
Added Pin To Net: NetName=NetC16_1 Pin=C16-1
Added Pin To Net: NetName=NetC16_1 Pin=U4-9
Added Pin To Net: NetName=NetC16_1 Pin=X1-2
Added Net: Name=NetC16_1
Added Pin To Net: NetName=NetC17_2 Pin=C17-2
Added Pin To Net: NetName=NetC17_2 Pin=U4-23
Added Pin To Net: NetName=NetC17_2 Pin=X2-1
Added Net: Name=NetC17_2
Added Pin To Net: NetName=NetC18_2 Pin=C18-2
Added Pin To Net: NetName=NetC18_2 Pin=D8-2
Added Pin To Net: NetName=NetC18_2 Pin=D9-2
Added Pin To Net: NetName=NetC18_2 Pin=U4-6
Added Net: Name=NetC18_2
Added Pin To Net: NetName=NetC19_2 Pin=C19-2
Added Pin To Net: NetName=NetC19_2 Pin=U4-24
Added Pin To Net: NetName=NetC19_2 Pin=X2-3
Added Net: Name=NetC19_2
Added Pin To Net: NetName=NetC20_2 Pin=C20-2
Added Pin To Net: NetName=NetC20_2 Pin=C21-2
Added Pin To Net: NetName=NetC20_2 Pin=L1-2
Added Pin To Net: NetName=NetC20_2 Pin=R59-1
Added Pin To Net: NetName=NetC20_2 Pin=U4-33
Added Net: Name=NetC20_2
Added Pin To Net: NetName=NetD1_1 Pin=D1-1
Added Pin To Net: NetName=NetD1_1 Pin=R5-2
Added Pin To Net: NetName=NetD1_1 Pin=R7-2
Added Net: Name=NetD1_1
Added Pin To Net: NetName=NetD1_3 Pin=D1-3
Added Pin To Net: NetName=NetD1_3 Pin=R8-2
Added Pin To Net: NetName=NetD1_3 Pin=R10-2
Added Net: Name=NetD1_3
Added Pin To Net: NetName=NetD1_5 Pin=D1-5
Added Pin To Net: NetName=NetD1_5 Pin=R11-2
Added Pin To Net: NetName=NetD1_5 Pin=R13-2
Added Net: Name=NetD1_5
Added Pin To Net: NetName=NetD1_7 Pin=D1-7
Added Pin To Net: NetName=NetD1_7 Pin=R15-2
Added Pin To Net: NetName=NetD1_7 Pin=R19-2
Added Net: Name=NetD1_7
Added Pin To Net: NetName=NetD3_1 Pin=D3-1
Added Pin To Net: NetName=NetD3_1 Pin=R43-2
Added Net: Name=NetD3_1
Added Pin To Net: NetName=NetD4_1 Pin=D4-1
Added Pin To Net: NetName=NetD4_1 Pin=R44-2
Added Net: Name=NetD4_1
Added Pin To Net: NetName=NetD5_1 Pin=D5-1
Added Pin To Net: NetName=NetD5_1 Pin=R51-2
Added Net: Name=NetD5_1
Added Pin To Net: NetName=NetD6_1 Pin=D6-1
Added Pin To Net: NetName=NetD6_1 Pin=R52-2
Added Net: Name=NetD6_1
Added Pin To Net: NetName=NetD7_1 Pin=D7-1
Added Pin To Net: NetName=NetD7_1 Pin=R55-2
Added Net: Name=NetD7_1
Added Pin To Net: NetName=NetD10_1 Pin=D10-1
Added Pin To Net: NetName=NetD10_1 Pin=LS1-2
Added Pin To Net: NetName=NetD10_1 Pin=Q6-3
Added Net: Name=NetD10_1
Added Pin To Net: NetName=NetJP5_4 Pin=JP5-4
Added Pin To Net: NetName=NetJP5_4 Pin=U3-2
Added Net: Name=NetJP5_4
Added Pin To Net: NetName=NetQ1_1 Pin=Q1-1
Added Pin To Net: NetName=NetQ1_1 Pin=R1-2
Added Pin To Net: NetName=NetQ1_1 Pin=R3-1
Added Net: Name=NetQ1_1
Added Pin To Net: NetName=NetQ3_1 Pin=Q3-1
Added Pin To Net: NetName=NetQ3_1 Pin=R36-2
Added Pin To Net: NetName=NetQ3_1 Pin=R39-1
Added Net: Name=NetQ3_1
Added Pin To Net: NetName=NetQ4_1 Pin=Q4-1
Added Pin To Net: NetName=NetQ4_1 Pin=Q5-3
Added Pin To Net: NetName=NetQ4_1 Pin=R45-1
Added Net: Name=NetQ4_1
Added Pin To Net: NetName=NetQ5_1 Pin=Q5-1
Added Pin To Net: NetName=NetQ5_1 Pin=R48-2
Added Pin To Net: NetName=NetQ5_1 Pin=R50-1
Added Net: Name=NetQ5_1
Added Pin To Net: NetName=NetQ6_1 Pin=Q6-1
Added Pin To Net: NetName=NetQ6_1 Pin=R57-2
Added Pin To Net: NetName=NetQ6_1 Pin=R58-1
Added Net: Name=NetQ6_1
Added Pin To Net: NetName=NetR14_2 Pin=R14-2
Added Pin To Net: NetName=NetR14_2 Pin=U2-3
Added Net: Name=NetR14_2
Added Pin To Net: NetName=NetR17_2 Pin=R17-2
Added Pin To Net: NetName=NetR17_2 Pin=U2-2
Added Net: Name=NetR17_2
Added Pin To Net: NetName=NetR18_2 Pin=R18-2
Added Pin To Net: NetName=NetR18_2 Pin=R21-2
Added Pin To Net: NetName=NetR18_2 Pin=U2-6
Added Net: Name=NetR18_2
Added Pin To Net: NetName=NetR47_2 Pin=R47-2
Added Pin To Net: NetName=NetR47_2 Pin=U5-3
Added Net: Name=NetR47_2
Added Pin To Net: NetName=NetR49_2 Pin=R49-2
Added Pin To Net: NetName=NetR49_2 Pin=U4-48
Added Net: Name=NetR49_2
Added Pin To Net: NetName=NetR60_2 Pin=R60-2
Added Pin To Net: NetName=NetR60_2 Pin=U4-138
Added Net: Name=NetR60_2
Added Member To Class: ClassName=MCU Member=Component C1 100nF
Added Member To Class: ClassName=MCU Member=Component C2 100nF
Added Member To Class: ClassName=MCU Member=Component C3 100nF
Added Member To Class: ClassName=MCU Member=Component C5 100nF
Added Member To Class: ClassName=MCU Member=Component C6 33P
Added Member To Class: ClassName=MCU Member=Component C7 33P
Added Member To Class: ClassName=MCU Member=Component C8 470uF/16V
Added Member To Class: ClassName=MCU Member=Component C9 10uF
Added Member To Class: ClassName=MCU Member=Component C10 100nF
Added Member To Class: ClassName=MCU Member=Component C11 100nF
Added Member To Class: ClassName=MCU Member=Component C12 100nF
Added Member To Class: ClassName=MCU Member=Component C13 100nF
Added Member To Class: ClassName=MCU Member=Component C14 100nF
Added Member To Class: ClassName=MCU Member=Component C15 22p
Added Member To Class: ClassName=MCU Member=Component C16 22p
Added Member To Class: ClassName=MCU Member=Component C17 22p
Added Member To Class: ClassName=MCU Member=Component C18 100nF
Added Member To Class: ClassName=MCU Member=Component C19 22p
Added Member To Class: ClassName=MCU Member=Component C20 10uF
Added Member To Class: ClassName=MCU Member=Component C21 100nF
Added Member To Class: ClassName=MCU Member=Component C22 100nF
Added Member To Class: ClassName=MCU Member=Component C23 100nF
Added Member To Class: ClassName=MCU Member=Component C24 100nF
Added Member To Class: ClassName=MCU Member=Component C25 100nF
Added Member To Class: ClassName=MCU Member=Component C26 100nF
Added Member To Class: ClassName=MCU Member=Component C27 100nF
Added Member To Class: ClassName=MCU Member=Component C28 100nF
Added Member To Class: ClassName=MCU Member=Component C29 100nF
Added Member To Class: ClassName=MCU Member=Component C30 100nF
Added Member To Class: ClassName=MCU Member=Component C31 100nF
Added Member To Class: ClassName=MCU Member=Component C32 100nF
Added Member To Class: ClassName=MCU Member=Component C33 470uF/35V
Added Member To Class: ClassName=MCU Member=Component C34 100nF
Added Member To Class: ClassName=MCU Member=Component C35 470uF/35V
Added Member To Class: ClassName=MCU Member=Component C36 100nF
Added Member To Class: ClassName=MCU Member=Component D1 PS2801-4
Added Member To Class: ClassName=MCU Member=Component D3 LED
Added Member To Class: ClassName=MCU Member=Component D4 LED
Added Member To Class: ClassName=MCU Member=Component D5 LED
Added Member To Class: ClassName=MCU Member=Component D6 LED
Added Member To Class: ClassName=MCU Member=Component D7 LED
Added Member To Class: ClassName=MCU Member=Component D8 1N4148
Added Member To Class: ClassName=MCU Member=Component D9 1N4148
Added Member To Class: ClassName=MCU Member=Component D10 1N4148
Added Member To Class: ClassName=MCU Member=Component D11 SS34
Added Member To Class: ClassName=MCU Member=Component JP1 HDR-1X6
Added Member To Class: ClassName=MCU Member=Component JP2 HDR-1X5
Added Member To Class: ClassName=MCU Member=Component JP3 Header2X2
Added Member To Class: ClassName=MCU Member=Component JP4 HDR-1X8
Added Member To Class: ClassName=MCU Member=Component JP5 Header2X2
Added Member To Class: ClassName=MCU Member=Component JP6 HDR-1X5
Added Member To Class: ClassName=MCU Member=Component JP7 HDR-1X4
Added Member To Class: ClassName=MCU Member=Component JP9 Header 8X2
Added Member To Class: ClassName=MCU Member=Component JP10 Header 8X2
Added Member To Class: ClassName=MCU Member=Component JP11 Header 4X2
Added Member To Class: ClassName=MCU Member=Component JP12 Header 8X2
Added Member To Class: ClassName=MCU Member=Component JP13 Header 8X2
Added Member To Class: ClassName=MCU Member=Component JP14 HDR-1X2
Added Member To Class: ClassName=MCU Member=Component Q1 SS8050
Added Member To Class: ClassName=MCU Member=Component Q2 AO3401
Added Member To Class: ClassName=MCU Member=Component Q3 SS8050
Added Member To Class: ClassName=MCU Member=Component Q4 AO3401
Added Member To Class: ClassName=MCU Member=Component Q5 SS8050
Added Member To Class: ClassName=MCU Member=Component R1 1K
Added Member To Class: ClassName=MCU Member=Component R2 10K
Added Member To Class: ClassName=MCU Member=Component R3 10K
Added Member To Class: ClassName=MCU Member=Component R4 0R
Added Member To Class: ClassName=MCU Member=Component R5 470R
Added Member To Class: ClassName=MCU Member=Component R6 10K
Added Member To Class: ClassName=MCU Member=Component R7 4.7K
Added Member To Class: ClassName=MCU Member=Component R8 470R
Added Member To Class: ClassName=MCU Member=Component R9 10K
Added Member To Class: ClassName=MCU Member=Component R10 4.7K
Added Member To Class: ClassName=MCU Member=Component R11 470R
Added Member To Class: ClassName=MCU Member=Component R12 10K
Added Member To Class: ClassName=MCU Member=Component R13 4.7K
Added Member To Class: ClassName=MCU Member=Component R14 10R
Added Member To Class: ClassName=MCU Member=Component R15 470R
Added Member To Class: ClassName=MCU Member=Component R16 10K
Added Member To Class: ClassName=MCU Member=Component R17 10R
Added Member To Class: ClassName=MCU Member=Component R18 10R
Added Member To Class: ClassName=MCU Member=Component R19 4.7K
Added Member To Class: ClassName=MCU Member=Component R20 10K
Added Member To Class: ClassName=MCU Member=Component R21 10K
Added Member To Class: ClassName=MCU Member=Component R22 470R
Added Member To Class: ClassName=MCU Member=Component R23 10K
Added Member To Class: ClassName=MCU Member=Component R24 4.7K
Added Member To Class: ClassName=MCU Member=Component R25 470R
Added Member To Class: ClassName=MCU Member=Component R26 10K
Added Member To Class: ClassName=MCU Member=Component R27 4.7K
Added Member To Class: ClassName=MCU Member=Component R28 470R
Added Member To Class: ClassName=MCU Member=Component R29 10K
Added Member To Class: ClassName=MCU Member=Component R30 4.7K
Added Member To Class: ClassName=MCU Member=Component R31 10K
Added Member To Class: ClassName=MCU Member=Component R32 470R
Added Member To Class: ClassName=MCU Member=Component R34 4.7K
Added Member To Class: ClassName=MCU Member=Component R35 200R
Added Member To Class: ClassName=MCU Member=Component R36 1K
Added Member To Class: ClassName=MCU Member=Component R37 200R
Added Member To Class: ClassName=MCU Member=Component R38 200R
Added Member To Class: ClassName=MCU Member=Component R39 10K
Added Member To Class: ClassName=MCU Member=Component R40 200R
Added Member To Class: ClassName=MCU Member=Component R41 200R
Added Member To Class: ClassName=MCU Member=Component R42 200R
Added Member To Class: ClassName=MCU Member=Component R43 470R
Added Member To Class: ClassName=MCU Member=Component R44 470R
Added Member To Class: ClassName=MCU Member=Component R45 10K
Added Member To Class: ClassName=MCU Member=Component R46 220
Added Member To Class: ClassName=MCU Member=Component R47 220
Added Member To Class: ClassName=MCU Member=Component R48 1K
Added Member To Class: ClassName=MCU Member=Component R49 10K
Added Member To Class: ClassName=MCU Member=Component R50 10K
Added Member To Class: ClassName=MCU Member=Component R51 470R
Added Member To Class: ClassName=MCU Member=Component R52 470R
Added Member To Class: ClassName=MCU Member=Component R53 10K
Added Member To Class: ClassName=MCU Member=Component R54 10K
Added Member To Class: ClassName=MCU Member=Component R55 470R
Added Member To Class: ClassName=MCU Member=Component R56 470R
Added Member To Class: ClassName=MCU Member=Component R57 1K
Added Member To Class: ClassName=MCU Member=Component R58 10K
Added Member To Class: ClassName=MCU Member=Component R59 10R
Added Member To Class: ClassName=MCU Member=Component R60 10K
Added Member To Class: ClassName=MCU Member=Component S2 SW-PB
Added Member To Class: ClassName=MCU Member=Component U1 BC95
Added Member To Class: ClassName=MCU Member=Component U2 USIM_6P
Added Member To Class: ClassName=MCU Member=Component U4 STM32F103ZET6
Added Member To Class: ClassName=MCU Member=Component U5 CH340C
Added Member To Class: ClassName=MCU Member=Component U6 AMS1117-3.3
Added Member To Class: ClassName=MCU Member=Component U7 AMS1117-5.0V
Added Member To Class: ClassName=MCU Member=Component X2 8M
