Removed Pin From Net: NetName=GND Pin=C26-1
Removed Pin From Net: NetName=MCU_3.3V Pin=C26-2
Removed Pin From Net: NetName=GND Pin=C27-1
Removed Pin From Net: NetName=MCU_3.3V Pin=C27-2
Removed Pin From Net: NetName=GND Pin=C28-1
Removed Pin From Net: NetName=MCU_3.3V Pin=C28-2
Removed Pin From Net: NetName=GND Pin=C29-1
Removed Pin From Net: NetName=MCU_3.3V Pin=C29-2
Removed Pin From Net: NetName=GND Pin=C30-1
Removed Pin From Net: NetName=MCU_3.3V Pin=C30-2
Removed Pin From Net: NetName=GND Pin=C31-1
Removed Pin From Net: NetName=MCU_3.3V Pin=C31-2
Removed Pin From Net: NetName=GND Pin=C32-1
Removed Pin From Net: NetName=MCU_3.3V Pin=C32-2
Removed Pin From Net: NetName=GND Pin=U4-16
Removed Pin From Net: NetName=MCU_3.3V Pin=U4-17
Removed Pin From Net: NetName=GND Pin=U4-51
Removed Pin From Net: NetName=MCU_3.3V Pin=U4-52
Removed Pin From Net: NetName=GND Pin=U4-61
Removed Pin From Net: NetName=MCU_3.3V Pin=U4-62
Removed Pin From Net: NetName=GND Pin=U4-83
Removed Pin From Net: NetName=MCU_3.3V Pin=U4-84
Removed Pin From Net: NetName=GND Pin=U4-94
Removed Pin From Net: NetName=MCU_3.3V Pin=U4-95
Removed Pin From Net: NetName=GND Pin=U4-120
Removed Pin From Net: NetName=MCU_3.3V Pin=U4-121
Removed Pin From Net: NetName=GND Pin=U4-130
Removed Pin From Net: NetName=MCU_3.3V Pin=U4-131
Removed Member From Class: ClassName=MCU Member=C26
Removed Member From Class: ClassName=MCU Member=C27
Removed Member From Class: ClassName=MCU Member=C28
Removed Member From Class: ClassName=MCU Member=C29
Removed Member From Class: ClassName=MCU Member=C30
Removed Member From Class: ClassName=MCU Member=C31
Removed Member From Class: ClassName=MCU Member=C32
