Removed Pin From Net: NetName=LED1 Pin=D3-2
Removed Pin From Net: NetName=LED2 Pin=D4-2
Removed Pin From Net: NetName=LED3 Pin=D5-2
Removed Pin From Net: NetName=MCU_3.3V Pin=R17-1
Removed Pin From Net: NetName=MCU_3.3V Pin=R19-1
Removed Pin From Net: NetName=MCU_3.3V Pin=R20-1
Added Pin To Net: NetName=MCU_3.3V Pin=D3-1
Added Pin To Net: NetName=MCU_3.3V Pin=D4-1
Added Pin To Net: NetName=MCU_3.3V Pin=D5-1
Added Pin To Net: NetName=LED1 Pin=R17-2
Added Pin To Net: NetName=LED2 Pin=R19-2
Added Pin To Net: NetName=LED3 Pin=R20-2
Added Pin To Net: NetName=NetD3_2 Pin=D3-2
Added Pin To Net: NetName=NetD3_2 Pin=R17-1
Added Net: Name=NetD3_2
Added Pin To Net: NetName=NetD4_2 Pin=D4-2
Added Pin To Net: NetName=NetD4_2 Pin=R19-1
Added Net: Name=NetD4_2
Added Pin To Net: NetName=NetD5_2 Pin=D5-2
Added Pin To Net: NetName=NetD5_2 Pin=R20-1
Added Net: Name=NetD5_2
