Added Component: Designator=C1(0603CC)
Add component. Clean all parameters for all variants
Added Component: Designator=C2(0603CC)
Add component. Clean all parameters for all variants
Added Component: Designator=C3(0603CC)
Add component. Clean all parameters for all variants
Added Component: Designator=C4(0603CC)
Add component. Clean all parameters for all variants
Added Component: Designator=C5(0603CC)
Add component. Clean all parameters for all variants
Added Component: Designator=C6(0603CC)
Add component. Clean all parameters for all variants
Added Component: Designator=C7(0603CC)
Add component. Clean all parameters for all variants
Added Component: Designator=C8(C3216)
Add component. Clean all parameters for all variants
Added Component: Designator=C9(0603CC)
Add component. Clean all parameters for all variants
Added Component: Designator=C10(0603CC)
Add component. Clean all parameters for all variants
Added Component: Designator=C11(0603CC)
Add component. Clean all parameters for all variants
Added Component: Designator=C12(0603CC)
Add component. Clean all parameters for all variants
Added Component: Designator=C13(0603CC)
Add component. Clean all parameters for all variants
Added Component: Designator=C14(0603CC)
Add component. Clean all parameters for all variants
Added Component: Designator=C15(0603CC)
Add component. Clean all parameters for all variants
Added Component: Designator=C16(0603CC)
Add component. Clean all parameters for all variants
Added Component: Designator=C17(0603CC)
Add component. Clean all parameters for all variants
Added Component: Designator=C18(0805C)
Add component. Clean all parameters for all variants
Added Component: Designator=C19(0805C)
Add component. Clean all parameters for all variants
Added Component: Designator=C20(0603CC)
Add component. Clean all parameters for all variants
Added Component: Designator=C21(0603CC)
Add component. Clean all parameters for all variants
Added Component: Designator=C22(CD A(3216))
Add component. Clean all parameters for all variants
Added Component: Designator=C23(0603CC)
Add component. Clean all parameters for all variants
Added Component: Designator=C24(C3216)
Add component. Clean all parameters for all variants
Added Component: Designator=C25(0805C)
Add component. Clean all parameters for all variants
Added Component: Designator=C26(0805C)
Add component. Clean all parameters for all variants
Added Component: Designator=C27(0603CC)
Add component. Clean all parameters for all variants
Added Component: Designator=C28(0805C)
Add component. Clean all parameters for all variants
Added Component: Designator=C29(0805C)
Add component. Clean all parameters for all variants
Added Component: Designator=C30(0805C)
Add component. Clean all parameters for all variants
Added Component: Designator=C31(0603CC)
Add component. Clean all parameters for all variants
Added Component: Designator=C32(0603CC)
Add component. Clean all parameters for all variants
Added Component: Designator=C33(0603CC)
Add component. Clean all parameters for all variants
Added Component: Designator=C34(0805C)
Add component. Clean all parameters for all variants
Added Component: Designator=D1(LED 0603G)
Add component. Clean all parameters for all variants
Added Component: Designator=D2(LED 0603R)
Add component. Clean all parameters for all variants
Added Component: Designator=D3(LED 3MM-G)
Add component. Clean all parameters for all variants
Added Component: Designator=D4(LED 3MM-G)
Add component. Clean all parameters for all variants
Added Component: Designator=D5(LED 3MM-G)
Add component. Clean all parameters for all variants
Added Component: Designator=D6(SOD-323)
Add component. Clean all parameters for all variants
Add component (AddParameter): Name = "BOM名称"; Value = "高速开关二极管"; VariantName = "[No Variations]"
Add component (AddParameter): Name = "学习资源"; Value = "www.ooocke.com"; VariantName = "[No Variations]"
Add component (AddParameter): Name = "版权归属"; Value = "源创客"; VariantName = "[No Variations]"
Added Component: Designator=D7(SOD-323)
Add component. Clean all parameters for all variants
Added Component: Designator=D8(SMA)
Add component. Clean all parameters for all variants
Added Component: Designator=D9(SMA)
Add component. Clean all parameters for all variants
Added Component: Designator=JP1(HDR2.54-LI-2x2P)
Add component. Clean all parameters for all variants
Add component (AddParameter): Name = "BOM名称"; Value = "2*2P接插件"; VariantName = "[No Variations]"
Add component (AddParameter): Name = "学习资源"; Value = "www.ooocke.com"; VariantName = "[No Variations]"
Add component (AddParameter): Name = "版权归属"; Value = "源创客"; VariantName = "[No Variations]"
Added Component: Designator=JP2(HDR2.54-LI-5P)
Add component. Clean all parameters for all variants
Add component (AddParameter): Name = "BOM名称"; Value = "5P接插件"; VariantName = "[No Variations]"
Add component (AddParameter): Name = "学习资源"; Value = "www.ooocke.com"; VariantName = "[No Variations]"
Add component (AddParameter): Name = "版权归属"; Value = "源创客"; VariantName = "[No Variations]"
Added Component: Designator=JP3(HDR2.54-LI-2x2P)
Add component. Clean all parameters for all variants
Add component (AddParameter): Name = "BOM名称"; Value = "2*2P接插件"; VariantName = "[No Variations]"
Add component (AddParameter): Name = "学习资源"; Value = "www.ooocke.com"; VariantName = "[No Variations]"
Add component (AddParameter): Name = "版权归属"; Value = "源创客"; VariantName = "[No Variations]"
Added Component: Designator=JP4(XH2.54-WI-2P)
Add component. Clean all parameters for all variants
Add component (AddParameter): Name = "BOM名称"; Value = "2P接插件"; VariantName = "[No Variations]"
Add component (AddParameter): Name = "学习资源"; Value = "www.ooocke.com"; VariantName = "[No Variations]"
Add component (AddParameter): Name = "版权归属"; Value = "源创客"; VariantName = "[No Variations]"
Added Component: Designator=LS1(BEEP 5x9x5.5)
Add component. Clean all parameters for all variants
Add component (AddParameter): Name = "BOM名称"; Value = "蜂鸣器"; VariantName = "[No Variations]"
Add component (AddParameter): Name = "学习资源"; Value = "www.ooocke.com"; VariantName = "[No Variations]"
Add component (AddParameter): Name = "版权归属"; Value = "源创客"; VariantName = "[No Variations]"
Added Component: Designator=Q1(SOT23-3N)
Add component. Clean all parameters for all variants
Add component (AddParameter): Name = "BOM名称"; Value = "高频放大-NPN型"; VariantName = "[No Variations]"
Add component (AddParameter): Name = "学习资源"; Value = "www.ooocke.com"; VariantName = "[No Variations]"
Add component (AddParameter): Name = "属性"; Value = "40V 1.5A 1W 100MHZ"; VariantName = "[No Variations]"
Add component (AddParameter): Name = "版权归属"; Value = "源创客"; VariantName = "[No Variations]"
Added Component: Designator=Q2(SOT23-3N)
Add component. Clean all parameters for all variants
Add component (AddParameter): Name = "BOM名称"; Value = "P沟道场效应管"; VariantName = "[No Variations]"
Add component (AddParameter): Name = "学习资源"; Value = "www.ooocke.com"; VariantName = "[No Variations]"
Add component (AddParameter): Name = "版权归属"; Value = "源创客"; VariantName = "[No Variations]"
Added Component: Designator=Q3(SOT23-3N)
Add component. Clean all parameters for all variants
Add component (AddParameter): Name = "BOM名称"; Value = "高频放大-NPN型"; VariantName = "[No Variations]"
Add component (AddParameter): Name = "学习资源"; Value = "www.ooocke.com"; VariantName = "[No Variations]"
Add component (AddParameter): Name = "属性"; Value = "40V 1.5A 1W 100MHZ"; VariantName = "[No Variations]"
Add component (AddParameter): Name = "版权归属"; Value = "源创客"; VariantName = "[No Variations]"
Added Component: Designator=Q4(SOT23-3N)
Add component. Clean all parameters for all variants
Add component (AddParameter): Name = "BOM名称"; Value = "P沟道场效应管"; VariantName = "[No Variations]"
Add component (AddParameter): Name = "学习资源"; Value = "www.ooocke.com"; VariantName = "[No Variations]"
Add component (AddParameter): Name = "版权归属"; Value = "源创客"; VariantName = "[No Variations]"
Added Component: Designator=Q5(SOT23-3N)
Add component. Clean all parameters for all variants
Add component (AddParameter): Name = "BOM名称"; Value = "高频放大-NPN型"; VariantName = "[No Variations]"
Add component (AddParameter): Name = "学习资源"; Value = "www.ooocke.com"; VariantName = "[No Variations]"
Add component (AddParameter): Name = "属性"; Value = "40V 1.5A 1W 100MHZ"; VariantName = "[No Variations]"
Add component (AddParameter): Name = "版权归属"; Value = "源创客"; VariantName = "[No Variations]"
Added Component: Designator=Q6(SOT23-3N)
Add component. Clean all parameters for all variants
Add component (AddParameter): Name = "BOM名称"; Value = "高频放大-NPN型"; VariantName = "[No Variations]"
Add component (AddParameter): Name = "学习资源"; Value = "www.ooocke.com"; VariantName = "[No Variations]"
Add component (AddParameter): Name = "属性"; Value = "40V 1.5A 1W 100MHZ"; VariantName = "[No Variations]"
Add component (AddParameter): Name = "版权归属"; Value = "源创客"; VariantName = "[No Variations]"
Added Component: Designator=R1(0603RR)
Add component. Clean all parameters for all variants
Added Component: Designator=R2(0603RR)
Add component. Clean all parameters for all variants
Added Component: Designator=R3(0603RR)
Add component. Clean all parameters for all variants
Added Component: Designator=R4(0603RR)
Add component. Clean all parameters for all variants
Added Component: Designator=R5(0603RR)
Add component. Clean all parameters for all variants
Added Component: Designator=R6(0603RR)
Add component. Clean all parameters for all variants
Added Component: Designator=R7(0603RR)
Add component. Clean all parameters for all variants
Added Component: Designator=R8(0603RR)
Add component. Clean all parameters for all variants
Added Component: Designator=R9(0603RR)
Add component. Clean all parameters for all variants
Added Component: Designator=R10(0603RR)
Add component. Clean all parameters for all variants
Added Component: Designator=R11(0603RR)
Add component. Clean all parameters for all variants
Added Component: Designator=R12(0603RR)
Add component. Clean all parameters for all variants
Added Component: Designator=R13(0603RR)
Add component. Clean all parameters for all variants
Added Component: Designator=R14(0603RR)
Add component. Clean all parameters for all variants
Added Component: Designator=R15(0603RR)
Add component. Clean all parameters for all variants
Added Component: Designator=R16(0603RR)
Add component. Clean all parameters for all variants
Added Component: Designator=R17(0603RR)
Add component. Clean all parameters for all variants
Added Component: Designator=R18(0603RR)
Add component. Clean all parameters for all variants
Added Component: Designator=R19(0603RR)
Add component. Clean all parameters for all variants
Added Component: Designator=R20(0603RR)
Add component. Clean all parameters for all variants
Added Component: Designator=R21(0603RR)
Add component. Clean all parameters for all variants
Added Component: Designator=R22(0603RR)
Add component. Clean all parameters for all variants
Added Component: Designator=R23(0603RR)
Add component. Clean all parameters for all variants
Added Component: Designator=R24(0603RR)
Add component. Clean all parameters for all variants
Added Component: Designator=R25(0603RR)
Add component. Clean all parameters for all variants
Added Component: Designator=R26(0603RR)
Add component. Clean all parameters for all variants
Added Component: Designator=R27(0603RR)
Add component. Clean all parameters for all variants
Added Component: Designator=R28(0603RR)
Add component. Clean all parameters for all variants
Added Component: Designator=R29(0603RR)
Add component. Clean all parameters for all variants
Added Component: Designator=R30(0603RR)
Add component. Clean all parameters for all variants
Added Component: Designator=R31(0603RR)
Add component. Clean all parameters for all variants
Added Component: Designator=R32(0603RR)
Add component. Clean all parameters for all variants
Added Component: Designator=R33(0603RR)
Add component. Clean all parameters for all variants
Added Component: Designator=R34(0603RR)
Add component. Clean all parameters for all variants
Added Component: Designator=R35(0603RR)
Add component. Clean all parameters for all variants
Added Component: Designator=R36(0603RR)
Add component. Clean all parameters for all variants
Added Component: Designator=R37(0603RR)
Add component. Clean all parameters for all variants
Added Component: Designator=R38(0603RR)
Add component. Clean all parameters for all variants
Added Component: Designator=R39(0603RR)
Add component. Clean all parameters for all variants
Added Component: Designator=R40(0603RR)
Add component. Clean all parameters for all variants
Added Component: Designator=S1(TSW SMD-6*6*6)
Add component. Clean all parameters for all variants
Add component (AddParameter): Name = "LatestRevisionDate"; Value = "17-Jul-2002"; VariantName = "[No Variations]"
Add component (AddParameter): Name = "LatestRevisionNote"; Value = "Re-released for DXP Platform."; VariantName = "[No Variations]"
Add component (AddParameter): Name = "PackageReference"; Value = "SPST-2"; VariantName = "[No Variations]"
Add component (AddParameter): Name = "Published"; Value = "24-Mar-1999"; VariantName = "[No Variations]"
Add component (AddParameter): Name = "Publisher"; Value = "Altium Limited"; VariantName = "[No Variations]"
Added Component: Designator=S2(TSW SMD-4*4*1.5)
Add component. Clean all parameters for all variants
Add component (AddParameter): Name = "LatestRevisionDate"; Value = "17-Jul-2002"; VariantName = "[No Variations]"
Add component (AddParameter): Name = "LatestRevisionNote"; Value = "Re-released for DXP Platform."; VariantName = "[No Variations]"
Add component (AddParameter): Name = "PackageReference"; Value = "SPST-2"; VariantName = "[No Variations]"
Add component (AddParameter): Name = "Published"; Value = "24-Mar-1999"; VariantName = "[No Variations]"
Add component (AddParameter): Name = "Publisher"; Value = "Altium Limited"; VariantName = "[No Variations]"
Added Component: Designator=U1(HC-08)
Add component. Clean all parameters for all variants
Added Component: Designator=U2(BC95)
Add component. Clean all parameters for all variants
Add component (AddParameter): Name = "Height"; Value = ""; VariantName = "[No Variations]"
Add component (AddParameter): Name = "Manufacture"; Value = ""; VariantName = "[No Variations]"
Add component (AddParameter): Name = "Part Description"; Value = ""; VariantName = "[No Variations]"
Add component (AddParameter): Name = "Value"; Value = ""; VariantName = "[No Variations]"
Added Component: Designator=U3(SIM 6P 自弹)
Add component. Clean all parameters for all variants
Added Component: Designator=U4(LQFP48 7X7_M)
Add component. Clean all parameters for all variants
Add component (AddParameter): Name = "BOM名称"; Value = "32位STM单片机"; VariantName = "[No Variations]"
Add component (AddParameter): Name = "学习资源"; Value = "www.ooocke.com"; VariantName = "[No Variations]"
Add component (AddParameter): Name = "版权归属"; Value = "源创客"; VariantName = "[No Variations]"
Added Component: Designator=U5(SOP16_L)
Add component. Clean all parameters for all variants
Added Component: Designator=U6(OLED_1.3_FPC_30)
Add component. Clean all parameters for all variants
Added Component: Designator=U7(SOT223_N)
Add component. Clean all parameters for all variants
Added Component: Designator=U8(SOT23-6)
Add component. Clean all parameters for all variants
Added Component: Designator=U9(SOT223_N)
Add component. Clean all parameters for all variants
Added Component: Designator=USB1(USB-MICRO_A)
Add component. Clean all parameters for all variants
Add component (AddParameter): Name = "BOM名称"; Value = "微型USB母座"; VariantName = "[No Variations]"
Add component (AddParameter): Name = "学习资源"; Value = "www.ooocke.com"; VariantName = "[No Variations]"
Add component (AddParameter): Name = "版权归属"; Value = "源创客"; VariantName = "[No Variations]"
Added Component: Designator=X1(OSC 3225-4P)
Add component. Clean all parameters for all variants
Add component (AddParameter): Name = "BOM名称"; Value = "4脚无源晶振"; VariantName = "[No Variations]"
Add component (AddParameter): Name = "学习资源"; Value = "www.ooocke.com"; VariantName = "[No Variations]"
Add component (AddParameter): Name = "版权归属"; Value = "源创客"; VariantName = "[No Variations]"
Added Component: Designator=X2(OSC 3215-2P)
Add component. Clean all parameters for all variants
Add component (AddParameter): Name = "BOM名称"; Value = "2脚无源脚晶振"; VariantName = "[No Variations]"
Add component (AddParameter): Name = "学习资源"; Value = "www.ooocke.com"; VariantName = "[No Variations]"
Add component (AddParameter): Name = "版权归属"; Value = "源创客"; VariantName = "[No Variations]"
Added Pin To Net: NetName=BEEP Pin=R28-1
Added Pin To Net: NetName=BEEP Pin=U4-39
Added Net: Name=BEEP
Added Pin To Net: NetName=BLE_CLEAR Pin=U1-18
Added Net: Name=BLE_CLEAR
Added Pin To Net: NetName=BLE_CON_LED Pin=R4-1
Added Pin To Net: NetName=BLE_CON_LED Pin=U1-17
Added Net: Name=BLE_CON_LED
Added Pin To Net: NetName=BLE_Pilot_LED_CON Pin=U1-14
Added Net: Name=BLE_Pilot_LED_CON
Added Pin To Net: NetName=BLE_Pilot_LED Pin=R6-1
Added Pin To Net: NetName=BLE_Pilot_LED Pin=U1-16
Added Net: Name=BLE_Pilot_LED
Added Pin To Net: NetName=Blue_EN Pin=U4-15
Added Net: Name=Blue_EN
Added Pin To Net: NetName=Blue_IN Pin=U4-16
Added Net: Name=Blue_IN
Added Pin To Net: NetName=Blue_Power_Control Pin=R13-1
Added Pin To Net: NetName=Blue_Power_Control Pin=U4-11
Added Net: Name=Blue_Power_Control
Added Pin To Net: NetName=Blue_RST Pin=U1-11
Added Pin To Net: NetName=Blue_RST Pin=U4-17
Added Net: Name=Blue_RST
Added Pin To Net: NetName=Blue_RXD_PA2 Pin=JP1-3
Added Pin To Net: NetName=Blue_RXD_PA2 Pin=U4-12
Added Net: Name=Blue_RXD_PA2
Added Pin To Net: NetName=Blue_STATE Pin=U4-14
Added Net: Name=Blue_STATE
Added Pin To Net: NetName=Blue_TXD_PA3 Pin=JP1-1
Added Pin To Net: NetName=Blue_TXD_PA3 Pin=U4-13
Added Net: Name=Blue_TXD_PA3
Added Pin To Net: NetName=CLK Pin=R36-2
Added Pin To Net: NetName=CLK Pin=R38-2
Added Pin To Net: NetName=CLK Pin=U6-18
Added Pin To Net: NetName=CLK Pin=U8-1
Added Net: Name=CLK
Added Pin To Net: NetName=CS1 Pin=R33-2
Added Pin To Net: NetName=CS1 Pin=U6-13
Added Net: Name=CS1
Added Pin To Net: NetName=CS2 Pin=R30-2
Added Pin To Net: NetName=CS2 Pin=U8-3
Added Net: Name=CS2
Added Pin To Net: NetName=D/C Pin=R34-2
Added Pin To Net: NetName=D/C Pin=U6-15
Added Net: Name=D/C
Added Pin To Net: NetName=FSO Pin=R32-2
Added Pin To Net: NetName=FSO Pin=U8-5
Added Net: Name=FSO
Added Pin To Net: NetName=GND Pin=C1-2
Added Pin To Net: NetName=GND Pin=C2-2
Added Pin To Net: NetName=GND Pin=C3-2
Added Pin To Net: NetName=GND Pin=C4-1
Added Pin To Net: NetName=GND Pin=C5-1
Added Pin To Net: NetName=GND Pin=C6-1
Added Pin To Net: NetName=GND Pin=C7-1
Added Pin To Net: NetName=GND Pin=C8-2
Added Pin To Net: NetName=GND Pin=C9-1
Added Pin To Net: NetName=GND Pin=C10-2
Added Pin To Net: NetName=GND Pin=C11-1
Added Pin To Net: NetName=GND Pin=C12-2
Added Pin To Net: NetName=GND Pin=C13-1
Added Pin To Net: NetName=GND Pin=C14-2
Added Pin To Net: NetName=GND Pin=C15-1
Added Pin To Net: NetName=GND Pin=C16-2
Added Pin To Net: NetName=GND Pin=C17-2
Added Pin To Net: NetName=GND Pin=C18-1
Added Pin To Net: NetName=GND Pin=C19-1
Added Pin To Net: NetName=GND Pin=C20-1
Added Pin To Net: NetName=GND Pin=C21-1
Added Pin To Net: NetName=GND Pin=C22-2
Added Pin To Net: NetName=GND Pin=C23-1
Added Pin To Net: NetName=GND Pin=C24-2
Added Pin To Net: NetName=GND Pin=C27-1
Added Pin To Net: NetName=GND Pin=C28-1
Added Pin To Net: NetName=GND Pin=C29-1
Added Pin To Net: NetName=GND Pin=C30-1
Added Pin To Net: NetName=GND Pin=C31-1
Added Pin To Net: NetName=GND Pin=C32-1
Added Pin To Net: NetName=GND Pin=C33-1
Added Pin To Net: NetName=GND Pin=C34-1
Added Pin To Net: NetName=GND Pin=D1-2
Added Pin To Net: NetName=GND Pin=D2-2
Added Pin To Net: NetName=GND Pin=JP2-3
Added Pin To Net: NetName=GND Pin=JP4-1
Added Pin To Net: NetName=GND Pin=Q1-2
Added Pin To Net: NetName=GND Pin=Q3-2
Added Pin To Net: NetName=GND Pin=Q5-2
Added Pin To Net: NetName=GND Pin=Q6-2
Added Pin To Net: NetName=GND Pin=R3-2
Added Pin To Net: NetName=GND Pin=R14-2
Added Pin To Net: NetName=GND Pin=R18-2
Added Pin To Net: NetName=GND Pin=R22-2
Added Pin To Net: NetName=GND Pin=R24-2
Added Pin To Net: NetName=GND Pin=R27-2
Added Pin To Net: NetName=GND Pin=R29-1
Added Pin To Net: NetName=GND Pin=R31-2
Added Pin To Net: NetName=GND Pin=S1-2
Added Pin To Net: NetName=GND Pin=S2-2
Added Pin To Net: NetName=GND Pin=U1-13
Added Pin To Net: NetName=GND Pin=U2-2
Added Pin To Net: NetName=GND Pin=U2-43
Added Pin To Net: NetName=GND Pin=U2-47
Added Pin To Net: NetName=GND Pin=U2-48
Added Pin To Net: NetName=GND Pin=U2-51
Added Pin To Net: NetName=GND Pin=U2-52
Added Pin To Net: NetName=GND Pin=U2-54
Added Pin To Net: NetName=GND Pin=U4-8
Added Pin To Net: NetName=GND Pin=U4-23
Added Pin To Net: NetName=GND Pin=U4-35
Added Pin To Net: NetName=GND Pin=U4-47
Added Pin To Net: NetName=GND Pin=U5-1
Added Pin To Net: NetName=GND Pin=U6-1
Added Pin To Net: NetName=GND Pin=U6-7
Added Pin To Net: NetName=GND Pin=U6-8
Added Pin To Net: NetName=GND Pin=U6-10
Added Pin To Net: NetName=GND Pin=U6-11
Added Pin To Net: NetName=GND Pin=U6-12
Added Pin To Net: NetName=GND Pin=U6-16
Added Pin To Net: NetName=GND Pin=U6-17
Added Pin To Net: NetName=GND Pin=U6-21
Added Pin To Net: NetName=GND Pin=U6-22
Added Pin To Net: NetName=GND Pin=U6-23
Added Pin To Net: NetName=GND Pin=U6-24
Added Pin To Net: NetName=GND Pin=U6-25
Added Pin To Net: NetName=GND Pin=U6-29
Added Pin To Net: NetName=GND Pin=U6-30
Added Pin To Net: NetName=GND Pin=U7-1
Added Pin To Net: NetName=GND Pin=U8-2
Added Pin To Net: NetName=GND Pin=U9-1
Added Pin To Net: NetName=GND Pin=USB1-4
Added Pin To Net: NetName=GND Pin=USB1-5
Added Pin To Net: NetName=GND Pin=USB1-5
Added Pin To Net: NetName=GND Pin=USB1-5
Added Pin To Net: NetName=GND Pin=USB1-5
Added Pin To Net: NetName=GND Pin=USB1-5
Added Net: Name=GND
Added Pin To Net: NetName=LED1 Pin=D3-2
Added Pin To Net: NetName=LED1 Pin=U4-25
Added Net: Name=LED1
Added Pin To Net: NetName=LED2 Pin=D4-2
Added Pin To Net: NetName=LED2 Pin=U4-26
Added Net: Name=LED2
Added Pin To Net: NetName=LED3 Pin=D5-2
Added Pin To Net: NetName=LED3 Pin=U4-27
Added Net: Name=LED3
Added Pin To Net: NetName=MCU_3.3V Pin=C18-2
Added Pin To Net: NetName=MCU_3.3V Pin=C19-2
Added Pin To Net: NetName=MCU_3.3V Pin=C24-1
Added Pin To Net: NetName=MCU_3.3V Pin=C27-2
Added Pin To Net: NetName=MCU_3.3V Pin=C31-2
Added Pin To Net: NetName=MCU_3.3V Pin=C32-2
Added Pin To Net: NetName=MCU_3.3V Pin=C33-2
Added Pin To Net: NetName=MCU_3.3V Pin=D6-2
Added Pin To Net: NetName=MCU_3.3V Pin=D7-1
Added Pin To Net: NetName=MCU_3.3V Pin=JP2-5
Added Pin To Net: NetName=MCU_3.3V Pin=LS1-1
Added Pin To Net: NetName=MCU_3.3V Pin=Q2-2
Added Pin To Net: NetName=MCU_3.3V Pin=Q4-2
Added Pin To Net: NetName=MCU_3.3V Pin=R2-2
Added Pin To Net: NetName=MCU_3.3V Pin=R9-2
Added Pin To Net: NetName=MCU_3.3V Pin=R12-2
Added Pin To Net: NetName=MCU_3.3V Pin=R15-2
Added Pin To Net: NetName=MCU_3.3V Pin=R17-1
Added Pin To Net: NetName=MCU_3.3V Pin=R19-1
Added Pin To Net: NetName=MCU_3.3V Pin=R20-1
Added Pin To Net: NetName=MCU_3.3V Pin=R37-1
Added Pin To Net: NetName=MCU_3.3V Pin=R38-1
Added Pin To Net: NetName=MCU_3.3V Pin=R39-1
Added Pin To Net: NetName=MCU_3.3V Pin=U4-24
Added Pin To Net: NetName=MCU_3.3V Pin=U4-36
Added Pin To Net: NetName=MCU_3.3V Pin=U4-48
Added Pin To Net: NetName=MCU_3.3V Pin=U6-6
Added Pin To Net: NetName=MCU_3.3V Pin=U6-9
Added Pin To Net: NetName=MCU_3.3V Pin=U7-2
Added Pin To Net: NetName=MCU_3.3V Pin=U7-4
Added Pin To Net: NetName=MCU_3.3V Pin=U8-4
Added Net: Name=MCU_3.3V
Added Pin To Net: NetName=MCU_RST Pin=C9-2
Added Pin To Net: NetName=MCU_RST Pin=JP2-1
Added Pin To Net: NetName=MCU_RST Pin=R9-1
Added Pin To Net: NetName=MCU_RST Pin=S2-1
Added Pin To Net: NetName=MCU_RST Pin=U4-7
Added Net: Name=MCU_RST
Added Pin To Net: NetName=MOSI Pin=R35-2
Added Pin To Net: NetName=MOSI Pin=R37-2
Added Pin To Net: NetName=MOSI Pin=U6-19
Added Pin To Net: NetName=MOSI Pin=U8-6
Added Net: Name=MOSI
Added Pin To Net: NetName=NB_Power_Control Pin=R16-1
Added Pin To Net: NetName=NB_Power_Control Pin=U4-33
Added Net: Name=NB_Power_Control
Added Pin To Net: NetName=NB_RESET_Control Pin=R1-1
Added Pin To Net: NetName=NB_RESET_Control Pin=U4-29
Added Net: Name=NB_RESET_Control
Added Pin To Net: NetName=NB_RESET Pin=Q1-3
Added Pin To Net: NetName=NB_RESET Pin=U2-15
Added Net: Name=NB_RESET
Added Pin To Net: NetName=NB_R Pin=JP3-3
Added Pin To Net: NetName=NB_R Pin=U2-29
Added Net: Name=NB_R
Added Pin To Net: NetName=NB_RXD_PA9 Pin=JP3-4
Added Pin To Net: NetName=NB_RXD_PA9 Pin=U4-30
Added Net: Name=NB_RXD_PA9
Added Pin To Net: NetName=NB_T Pin=JP3-1
Added Pin To Net: NetName=NB_T Pin=U2-30
Added Net: Name=NB_T
Added Pin To Net: NetName=NB_TXD_PA10 Pin=JP3-2
Added Pin To Net: NetName=NB_TXD_PA10 Pin=U4-31
Added Net: Name=NB_TXD_PA10
Added Pin To Net: NetName=NetC1_1 Pin=C1-1
Added Pin To Net: NetName=NetC1_1 Pin=R5-2
Added Net: Name=NetC1_1
Added Pin To Net: NetName=NetC11_2 Pin=C11-2
Added Pin To Net: NetName=NetC11_2 Pin=R21-2
Added Pin To Net: NetName=NetC11_2 Pin=R22-1
Added Pin To Net: NetName=NetC11_2 Pin=R23-2
Added Net: Name=NetC11_2
Added Pin To Net: NetName=NetC12_1 Pin=C12-1
Added Pin To Net: NetName=NetC12_1 Pin=U5-4
Added Net: Name=NetC12_1
Added Pin To Net: NetName=NetC13_2 Pin=C13-2
Added Pin To Net: NetName=NetC13_2 Pin=U4-5
Added Pin To Net: NetName=NetC13_2 Pin=X1-3
Added Net: Name=NetC13_2
Added Pin To Net: NetName=NetC14_1 Pin=C14-1
Added Pin To Net: NetName=NetC14_1 Pin=U4-3
Added Pin To Net: NetName=NetC14_1 Pin=X2-2
Added Net: Name=NetC14_1
Added Pin To Net: NetName=NetC15_2 Pin=C15-2
Added Pin To Net: NetName=NetC15_2 Pin=U4-6
Added Pin To Net: NetName=NetC15_2 Pin=X1-1
Added Net: Name=NetC15_2
Added Pin To Net: NetName=NetC16_1 Pin=C16-1
Added Pin To Net: NetName=NetC16_1 Pin=U4-4
Added Pin To Net: NetName=NetC16_1 Pin=X2-1
Added Net: Name=NetC16_1
Added Pin To Net: NetName=NetC17_1 Pin=C17-1
Added Pin To Net: NetName=NetC17_1 Pin=D7-2
Added Pin To Net: NetName=NetC17_1 Pin=U4-1
Added Net: Name=NetC17_1
Added Pin To Net: NetName=NetC20_2 Pin=C20-2
Added Pin To Net: NetName=NetC20_2 Pin=C21-2
Added Pin To Net: NetName=NetC20_2 Pin=R39-2
Added Pin To Net: NetName=NetC20_2 Pin=U4-9
Added Net: Name=NetC20_2
Added Pin To Net: NetName=NetC25_1 Pin=C25-1
Added Pin To Net: NetName=NetC25_1 Pin=U6-2
Added Net: Name=NetC25_1
Added Pin To Net: NetName=NetC25_2 Pin=C25-2
Added Pin To Net: NetName=NetC25_2 Pin=U6-3
Added Net: Name=NetC25_2
Added Pin To Net: NetName=NetC26_1 Pin=C26-1
Added Pin To Net: NetName=NetC26_1 Pin=U6-4
Added Net: Name=NetC26_1
Added Pin To Net: NetName=NetC26_2 Pin=C26-2
Added Pin To Net: NetName=NetC26_2 Pin=U6-5
Added Net: Name=NetC26_2
Added Pin To Net: NetName=NetC28_2 Pin=C28-2
Added Pin To Net: NetName=NetC28_2 Pin=U6-27
Added Net: Name=NetC28_2
Added Pin To Net: NetName=NetC29_2 Pin=C29-2
Added Pin To Net: NetName=NetC29_2 Pin=C30-2
Added Pin To Net: NetName=NetC29_2 Pin=U6-28
Added Net: Name=NetC29_2
Added Pin To Net: NetName=NetC34_2 Pin=C34-2
Added Pin To Net: NetName=NetC34_2 Pin=D8-1
Added Net: Name=NetC34_2
Added Pin To Net: NetName=NetD1_1 Pin=D1-1
Added Pin To Net: NetName=NetD1_1 Pin=R4-2
Added Net: Name=NetD1_1
Added Pin To Net: NetName=NetD2_1 Pin=D2-1
Added Pin To Net: NetName=NetD2_1 Pin=R6-2
Added Net: Name=NetD2_1
Added Pin To Net: NetName=NetD3_1 Pin=D3-1
Added Pin To Net: NetName=NetD3_1 Pin=R17-2
Added Net: Name=NetD3_1
Added Pin To Net: NetName=NetD4_1 Pin=D4-1
Added Pin To Net: NetName=NetD4_1 Pin=R19-2
Added Net: Name=NetD4_1
Added Pin To Net: NetName=NetD5_1 Pin=D5-1
Added Pin To Net: NetName=NetD5_1 Pin=R20-2
Added Net: Name=NetD5_1
Added Pin To Net: NetName=NetD6_1 Pin=D6-1
Added Pin To Net: NetName=NetD6_1 Pin=LS1-2
Added Pin To Net: NetName=NetD6_1 Pin=Q6-3
Added Net: Name=NetD6_1
Added Pin To Net: NetName=NetD8_2 Pin=D8-2
Added Pin To Net: NetName=NetD8_2 Pin=R40-2
Added Net: Name=NetD8_2
Added Pin To Net: NetName=NetD9_2 Pin=D9-2
Added Pin To Net: NetName=NetD9_2 Pin=U9-3
Added Net: Name=NetD9_2
Added Pin To Net: NetName=NetJP1_2 Pin=JP1-2
Added Pin To Net: NetName=NetJP1_2 Pin=U1-1
Added Net: Name=NetJP1_2
Added Pin To Net: NetName=NetJP1_4 Pin=JP1-4
Added Pin To Net: NetName=NetJP1_4 Pin=U1-2
Added Net: Name=NetJP1_4
Added Pin To Net: NetName=NetQ1_1 Pin=Q1-1
Added Pin To Net: NetName=NetQ1_1 Pin=R1-2
Added Pin To Net: NetName=NetQ1_1 Pin=R3-1
Added Net: Name=NetQ1_1
Added Pin To Net: NetName=NetQ2_1 Pin=Q2-1
Added Pin To Net: NetName=NetQ2_1 Pin=Q3-3
Added Pin To Net: NetName=NetQ2_1 Pin=R12-1
Added Net: Name=NetQ2_1
Added Pin To Net: NetName=NetQ3_1 Pin=Q3-1
Added Pin To Net: NetName=NetQ3_1 Pin=R13-2
Added Pin To Net: NetName=NetQ3_1 Pin=R14-1
Added Net: Name=NetQ3_1
Added Pin To Net: NetName=NetQ4_1 Pin=Q4-1
Added Pin To Net: NetName=NetQ4_1 Pin=Q5-3
Added Pin To Net: NetName=NetQ4_1 Pin=R15-1
Added Net: Name=NetQ4_1
Added Pin To Net: NetName=NetQ5_1 Pin=Q5-1
Added Pin To Net: NetName=NetQ5_1 Pin=R16-2
Added Pin To Net: NetName=NetQ5_1 Pin=R18-1
Added Net: Name=NetQ5_1
Added Pin To Net: NetName=NetQ6_1 Pin=Q6-1
Added Pin To Net: NetName=NetQ6_1 Pin=R28-2
Added Pin To Net: NetName=NetQ6_1 Pin=R31-1
Added Net: Name=NetQ6_1
Added Pin To Net: NetName=NetR7_2 Pin=R7-2
Added Pin To Net: NetName=NetR7_2 Pin=U3-3
Added Net: Name=NetR7_2
Added Pin To Net: NetName=NetR8_2 Pin=R8-2
Added Pin To Net: NetName=NetR8_2 Pin=U3-2
Added Net: Name=NetR8_2
Added Pin To Net: NetName=NetR10_2 Pin=R10-2
Added Pin To Net: NetName=NetR10_2 Pin=R11-2
Added Pin To Net: NetName=NetR10_2 Pin=U3-6
Added Net: Name=NetR10_2
Added Pin To Net: NetName=NetR24_1 Pin=R24-1
Added Pin To Net: NetName=NetR24_1 Pin=U4-20
Added Net: Name=NetR24_1
Added Pin To Net: NetName=NetR25_2 Pin=R25-2
Added Pin To Net: NetName=NetR25_2 Pin=U5-2
Added Net: Name=NetR25_2
Added Pin To Net: NetName=NetR26_2 Pin=R26-2
Added Pin To Net: NetName=NetR26_2 Pin=U5-3
Added Net: Name=NetR26_2
Added Pin To Net: NetName=NetR27_1 Pin=R27-1
Added Pin To Net: NetName=NetR27_1 Pin=U6-26
Added Net: Name=NetR27_1
Added Pin To Net: NetName=NetR29_2 Pin=R29-2
Added Pin To Net: NetName=NetR29_2 Pin=U4-44
Added Net: Name=NetR29_2
Added Pin To Net: NetName=NetR40_1 Pin=R40-1
Added Pin To Net: NetName=NetR40_1 Pin=U6-14
Added Net: Name=NetR40_1
Added Pin To Net: NetName=OLED_CLK Pin=R36-1
Added Pin To Net: NetName=OLED_CLK Pin=U4-46
Added Net: Name=OLED_CLK
Added Pin To Net: NetName=OLED_CS1 Pin=R33-1
Added Pin To Net: NetName=OLED_CS1 Pin=U4-42
Added Net: Name=OLED_CS1
Added Pin To Net: NetName=OLED_CS2 Pin=R30-1
Added Pin To Net: NetName=OLED_CS2 Pin=U4-40
Added Net: Name=OLED_CS2
Added Pin To Net: NetName=OLED_D/C Pin=R34-1
Added Pin To Net: NetName=OLED_D/C Pin=U4-43
Added Net: Name=OLED_D/C
Added Pin To Net: NetName=OLED_FSO Pin=R32-1
Added Pin To Net: NetName=OLED_FSO Pin=U4-41
Added Net: Name=OLED_FSO
Added Pin To Net: NetName=OLED_MOSI Pin=R35-1
Added Pin To Net: NetName=OLED_MOSI Pin=U4-45
Added Net: Name=OLED_MOSI
Added Pin To Net: NetName=POWER_+ Pin=D9-1
Added Pin To Net: NetName=POWER_+ Pin=JP4-2
Added Pin To Net: NetName=POWER_+ Pin=R21-1
Added Net: Name=POWER_+
Added Pin To Net: NetName=POWER_ADC Pin=R23-1
Added Net: Name=POWER_ADC
Added Pin To Net: NetName=RF Pin=C2-1
Added Pin To Net: NetName=RF Pin=R5-1
Added Pin To Net: NetName=RF Pin=U2-53
Added Net: Name=RF
Added Pin To Net: NetName=SWCLK_PA14 Pin=JP2-4
Added Pin To Net: NetName=SWCLK_PA14 Pin=U4-37
Added Net: Name=SWCLK_PA14
Added Pin To Net: NetName=SWDIO_PA13 Pin=JP2-2
Added Pin To Net: NetName=SWDIO_PA13 Pin=U4-34
Added Net: Name=SWDIO_PA13
Added Pin To Net: NetName=UD+ Pin=U5-5
Added Pin To Net: NetName=UD+ Pin=USB1-3
Added Net: Name=UD+
Added Pin To Net: NetName=UD- Pin=U5-6
Added Pin To Net: NetName=UD- Pin=USB1-2
Added Net: Name=UD-
Added Pin To Net: NetName=USART3_RXD_PB10 Pin=R26-1
Added Pin To Net: NetName=USART3_RXD_PB10 Pin=U4-21
Added Net: Name=USART3_RXD_PB10
Added Pin To Net: NetName=USART3_TXD_PB11 Pin=R25-1
Added Pin To Net: NetName=USART3_TXD_PB11 Pin=U4-22
Added Net: Name=USART3_TXD_PB11
Added Pin To Net: NetName=USIM_CLK Pin=C7-2
Added Pin To Net: NetName=USIM_CLK Pin=R7-1
Added Pin To Net: NetName=USIM_CLK Pin=U2-41
Added Net: Name=USIM_CLK
Added Pin To Net: NetName=USIM_GND Pin=U2-42
Added Pin To Net: NetName=USIM_GND Pin=U3-4
Added Pin To Net: NetName=USIM_GND Pin=U3-4
Added Pin To Net: NetName=USIM_GND Pin=U3-4
Added Pin To Net: NetName=USIM_GND Pin=U3-4
Added Pin To Net: NetName=USIM_GND Pin=U3-4
Added Net: Name=USIM_GND
Added Pin To Net: NetName=USIM_IO Pin=R10-1
Added Pin To Net: NetName=USIM_IO Pin=U2-40
Added Net: Name=USIM_IO
Added Pin To Net: NetName=USIM_RST Pin=C6-2
Added Pin To Net: NetName=USIM_RST Pin=R8-1
Added Pin To Net: NetName=USIM_RST Pin=U2-39
Added Net: Name=USIM_RST
Added Pin To Net: NetName=USIM_VDD Pin=C5-2
Added Pin To Net: NetName=USIM_VDD Pin=R11-1
Added Pin To Net: NetName=USIM_VDD Pin=U2-38
Added Pin To Net: NetName=USIM_VDD Pin=U3-1
Added Net: Name=USIM_VDD
Added Pin To Net: NetName=VCC_5V Pin=C10-1
Added Pin To Net: NetName=VCC_5V Pin=C22-1
Added Pin To Net: NetName=VCC_5V Pin=C23-2
Added Pin To Net: NetName=VCC_5V Pin=U5-16
Added Pin To Net: NetName=VCC_5V Pin=U7-3
Added Pin To Net: NetName=VCC_5V Pin=U9-4
Added Pin To Net: NetName=VCC_5V Pin=USB1-1
Added Net: Name=VCC_5V
Added Pin To Net: NetName=VCC_BLUE Pin=C4-2
Added Pin To Net: NetName=VCC_BLUE Pin=Q2-3
Added Pin To Net: NetName=VCC_BLUE Pin=U1-12
Added Net: Name=VCC_BLUE
Added Pin To Net: NetName=VCC_NB Pin=C8-1
Added Pin To Net: NetName=VCC_NB Pin=Q4-3
Added Pin To Net: NetName=VCC_NB Pin=U2-45
Added Pin To Net: NetName=VCC_NB Pin=U2-46
Added Net: Name=VCC_NB
Added Pin To Net: NetName=WakeUp_KEY1_PA0 Pin=C3-1
Added Pin To Net: NetName=WakeUp_KEY1_PA0 Pin=R2-1
Added Pin To Net: NetName=WakeUp_KEY1_PA0 Pin=S1-1
Added Pin To Net: NetName=WakeUp_KEY1_PA0 Pin=U4-10
Added Net: Name=WakeUp_KEY1_PA0
Added Class: Name=Data_Blue
Added Room: Name=Data_Blue
