Added Component: Designator=ANT1(SMA_FR)
Add component. Clean all parameters for all variants
Added Component: Designator=C1(0603CC)
Add component. Clean all parameters for all variants
Added Component: Designator=C2(CAP-6.3mm)
Add component. Clean all parameters for all variants
Added Component: Designator=C3(0603CC)
Add component. Clean all parameters for all variants
Added Component: Designator=C4(0603CC)
Add component. Clean all parameters for all variants
Added Component: Designator=C5(0603CC)
Add component. Clean all parameters for all variants
Added Component: Designator=C6(0603CC)
Add component. Clean all parameters for all variants
Added Component: Designator=C7(0603CC)
Add component. Clean all parameters for all variants
Added Component: Designator=C8(0603CC)
Add component. Clean all parameters for all variants
Added Component: Designator=C9(0603CC)
Add component. Clean all parameters for all variants
Added Component: Designator=C10(0603CC)
Add component. Clean all parameters for all variants
Added Component: Designator=C11(0603CC)
Add component. Clean all parameters for all variants
Added Component: Designator=C12(0603CC)
Add component. Clean all parameters for all variants
Added Component: Designator=C13(0603CC)
Add component. Clean all parameters for all variants
Added Component: Designator=C14(0603CC)
Add component. Clean all parameters for all variants
Added Component: Designator=C15(0603CC)
Add component. Clean all parameters for all variants
Added Component: Designator=C16(0603CC)
Add component. Clean all parameters for all variants
Added Component: Designator=C17(0603CC)
Add component. Clean all parameters for all variants
Added Component: Designator=C18(0603CC)
Add component. Clean all parameters for all variants
Added Component: Designator=C19(CAP-6.3mm)
Add component. Clean all parameters for all variants
Added Component: Designator=C20(0603CC)
Add component. Clean all parameters for all variants
Added Component: Designator=C21(0603CC)
Add component. Clean all parameters for all variants
Added Component: Designator=C22(CAP-6.3mm)
Add component. Clean all parameters for all variants
Added Component: Designator=C23(0603CC)
Add component. Clean all parameters for all variants
Added Component: Designator=C24(0603CC)
Add component. Clean all parameters for all variants
Added Component: Designator=C25(0603CC)
Add component. Clean all parameters for all variants
Added Component: Designator=C26(0603CC)
Add component. Clean all parameters for all variants
Added Component: Designator=C27(0603CC)
Add component. Clean all parameters for all variants
Added Component: Designator=D1(LED 0603G)
Add component. Clean all parameters for all variants
Added Component: Designator=D2(LED 0603G)
Add component. Clean all parameters for all variants
Added Component: Designator=D3(LED 0603G)
Add component. Clean all parameters for all variants
Added Component: Designator=D4(LED 0603G)
Add component. Clean all parameters for all variants
Added Component: Designator=D5(LED 0603G)
Add component. Clean all parameters for all variants
Added Component: Designator=D6(LED 0603G)
Add component. Clean all parameters for all variants
Added Component: Designator=D7(LED 0603G)
Add component. Clean all parameters for all variants
Added Component: Designator=D8(LED 0603G)
Add component. Clean all parameters for all variants
Added Component: Designator=D9(DIODE_SOP)
Add component. Clean all parameters for all variants
Added Component: Designator=D10(SMA)
Add component. Clean all parameters for all variants
Added Component: Designator=JP1(XH2.54-WI-5P)
Add component. Clean all parameters for all variants
Add component (AddParameter): Name = "BOM名称"; Value = "5P接插件"; VariantName = "[No Variations]"
Add component (AddParameter): Name = "学习资源"; Value = "www.ooocke.com"; VariantName = "[No Variations]"
Add component (AddParameter): Name = "版权归属"; Value = "源创客"; VariantName = "[No Variations]"
Added Component: Designator=JP2(HDR2.54-LI-2x2P)
Add component. Clean all parameters for all variants
Add component (AddParameter): Name = "BOM名称"; Value = "2*2P接插件"; VariantName = "[No Variations]"
Add component (AddParameter): Name = "学习资源"; Value = "www.ooocke.com"; VariantName = "[No Variations]"
Add component (AddParameter): Name = "版权归属"; Value = "源创客"; VariantName = "[No Variations]"
Added Component: Designator=Q1(SOT23-3N)
Add component. Clean all parameters for all variants
Add component (AddParameter): Name = "BOM名称"; Value = "高频放大-NPN型"; VariantName = "[No Variations]"
Add component (AddParameter): Name = "学习资源"; Value = "www.ooocke.com"; VariantName = "[No Variations]"
Add component (AddParameter): Name = "属性"; Value = "40V 1.5A 1W 100MHZ"; VariantName = "[No Variations]"
Add component (AddParameter): Name = "版权归属"; Value = "源创客"; VariantName = "[No Variations]"
Added Component: Designator=Q2(SOT23-3N)
Add component. Clean all parameters for all variants
Add component (AddParameter): Name = "BOM名称"; Value = "P沟道场效应管"; VariantName = "[No Variations]"
Add component (AddParameter): Name = "学习资源"; Value = "www.ooocke.com"; VariantName = "[No Variations]"
Add component (AddParameter): Name = "版权归属"; Value = "源创客"; VariantName = "[No Variations]"
Added Component: Designator=Q3(SOT23-3N)
Add component. Clean all parameters for all variants
Add component (AddParameter): Name = "BOM名称"; Value = "高频放大-NPN型"; VariantName = "[No Variations]"
Add component (AddParameter): Name = "学习资源"; Value = "www.ooocke.com"; VariantName = "[No Variations]"
Add component (AddParameter): Name = "属性"; Value = "40V 1.5A 1W 100MHZ"; VariantName = "[No Variations]"
Add component (AddParameter): Name = "版权归属"; Value = "源创客"; VariantName = "[No Variations]"
Added Component: Designator=Q4(SOT23-3N)
Add component. Clean all parameters for all variants
Add component (AddParameter): Name = "BOM名称"; Value = "P沟道场效应管"; VariantName = "[No Variations]"
Add component (AddParameter): Name = "学习资源"; Value = "www.ooocke.com"; VariantName = "[No Variations]"
Add component (AddParameter): Name = "版权归属"; Value = "源创客"; VariantName = "[No Variations]"
Added Component: Designator=Q5(SOT23-3N)
Add component. Clean all parameters for all variants
Add component (AddParameter): Name = "BOM名称"; Value = "高频放大-NPN型"; VariantName = "[No Variations]"
Add component (AddParameter): Name = "学习资源"; Value = "www.ooocke.com"; VariantName = "[No Variations]"
Add component (AddParameter): Name = "属性"; Value = "40V 1.5A 1W 100MHZ"; VariantName = "[No Variations]"
Add component (AddParameter): Name = "版权归属"; Value = "源创客"; VariantName = "[No Variations]"
Added Component: Designator=R1(0603RR)
Add component. Clean all parameters for all variants
Added Component: Designator=R2(0603RR)
Add component. Clean all parameters for all variants
Added Component: Designator=R3(0603RR)
Add component. Clean all parameters for all variants
Added Component: Designator=R4(0603RR)
Add component. Clean all parameters for all variants
Added Component: Designator=R5(0603RR)
Add component. Clean all parameters for all variants
Added Component: Designator=R6(0603RR)
Add component. Clean all parameters for all variants
Added Component: Designator=R7(0603RR)
Add component. Clean all parameters for all variants
Added Component: Designator=R8(0603RR)
Add component. Clean all parameters for all variants
Added Component: Designator=R9(0603RR)
Add component. Clean all parameters for all variants
Added Component: Designator=R10(0603RR)
Add component. Clean all parameters for all variants
Added Component: Designator=R11(0603RR)
Add component. Clean all parameters for all variants
Added Component: Designator=R12(0603RR)
Add component. Clean all parameters for all variants
Added Component: Designator=R13(0603RR)
Add component. Clean all parameters for all variants
Added Component: Designator=R14(0603RR)
Add component. Clean all parameters for all variants
Added Component: Designator=R15(0603RR)
Add component. Clean all parameters for all variants
Added Component: Designator=R16(0603RR)
Add component. Clean all parameters for all variants
Added Component: Designator=R17(0603RR)
Add component. Clean all parameters for all variants
Added Component: Designator=R18(0603RR)
Add component. Clean all parameters for all variants
Added Component: Designator=R19(0603RR)
Add component. Clean all parameters for all variants
Added Component: Designator=R20(0603RR)
Add component. Clean all parameters for all variants
Added Component: Designator=R21(0603RR)
Add component. Clean all parameters for all variants
Added Component: Designator=R22(0603RR)
Add component. Clean all parameters for all variants
Added Component: Designator=R23(0603RR)
Add component. Clean all parameters for all variants
Added Component: Designator=R24(0603RR)
Add component. Clean all parameters for all variants
Added Component: Designator=R25(0603RR)
Add component. Clean all parameters for all variants
Added Component: Designator=R26(0603RR)
Add component. Clean all parameters for all variants
Added Component: Designator=R27(0603RR)
Add component. Clean all parameters for all variants
Added Component: Designator=R28(0603RR)
Add component. Clean all parameters for all variants
Added Component: Designator=R29(0603RR)
Add component. Clean all parameters for all variants
Added Component: Designator=R30(0603RR)
Add component. Clean all parameters for all variants
Added Component: Designator=R31(0603RR)
Add component. Clean all parameters for all variants
Added Component: Designator=R32(0603RR)
Add component. Clean all parameters for all variants
Added Component: Designator=R33(0603RR)
Add component. Clean all parameters for all variants
Added Component: Designator=R34(0603RR)
Add component. Clean all parameters for all variants
Added Component: Designator=R35(0603RR)
Add component. Clean all parameters for all variants
Added Component: Designator=RP1(4x0603)
Add component. Clean all parameters for all variants
Added Component: Designator=S1(TSW DIP-6*6*6)
Add component. Clean all parameters for all variants
Add component (AddParameter): Name = "LatestRevisionDate"; Value = "17-Jul-2002"; VariantName = "[No Variations]"
Add component (AddParameter): Name = "LatestRevisionNote"; Value = "Re-released for DXP Platform."; VariantName = "[No Variations]"
Add component (AddParameter): Name = "PackageReference"; Value = "SPST-2"; VariantName = "[No Variations]"
Add component (AddParameter): Name = "Published"; Value = "24-Mar-1999"; VariantName = "[No Variations]"
Add component (AddParameter): Name = "Publisher"; Value = "Altium Limited"; VariantName = "[No Variations]"
Added Component: Designator=S2(SPST-2)
Add component. Clean all parameters for all variants
Add component (AddParameter): Name = "LatestRevisionDate"; Value = "17-Jul-2002"; VariantName = "[No Variations]"
Add component (AddParameter): Name = "LatestRevisionNote"; Value = "Re-released for DXP Platform."; VariantName = "[No Variations]"
Add component (AddParameter): Name = "PackageReference"; Value = "SPST-2"; VariantName = "[No Variations]"
Add component (AddParameter): Name = "Published"; Value = "24-Mar-1999"; VariantName = "[No Variations]"
Add component (AddParameter): Name = "Publisher"; Value = "Altium Limited"; VariantName = "[No Variations]"
Added Component: Designator=U1(XG-BM02X)
Add component. Clean all parameters for all variants
Added Component: Designator=U2(X_LSD4NBN-LB05000001)
Add component. Clean all parameters for all variants
Added Component: Designator=U4(LQFP48 7X7_M)
Add component. Clean all parameters for all variants
Add component (AddParameter): Name = "BOM名称"; Value = "32位STM单片机"; VariantName = "[No Variations]"
Add component (AddParameter): Name = "学习资源"; Value = "www.ooocke.com"; VariantName = "[No Variations]"
Add component (AddParameter): Name = "版权归属"; Value = "源创客"; VariantName = "[No Variations]"
Added Component: Designator=U5(SOP16_L)
Add component. Clean all parameters for all variants
Added Component: Designator=U6(AMS1117)
Add component. Clean all parameters for all variants
Added Component: Designator=USB1(USB-MICRO_A)
Add component. Clean all parameters for all variants
Add component (AddParameter): Name = "BOM名称"; Value = "微型USB母座"; VariantName = "[No Variations]"
Add component (AddParameter): Name = "学习资源"; Value = "www.ooocke.com"; VariantName = "[No Variations]"
Add component (AddParameter): Name = "版权归属"; Value = "源创客"; VariantName = "[No Variations]"
Added Component: Designator=V1(18650*2)
Add component. Clean all parameters for all variants
Added Component: Designator=X1(OSC 3225-4P)
Add component. Clean all parameters for all variants
Add component (AddParameter): Name = "BOM名称"; Value = "4脚无源晶振"; VariantName = "[No Variations]"
Add component (AddParameter): Name = "学习资源"; Value = "www.ooocke.com"; VariantName = "[No Variations]"
Add component (AddParameter): Name = "版权归属"; Value = "源创客"; VariantName = "[No Variations]"
Added Component: Designator=X2(OSC 3215-2P)
Add component. Clean all parameters for all variants
Add component (AddParameter): Name = "BOM名称"; Value = "2脚无源脚晶振"; VariantName = "[No Variations]"
Add component (AddParameter): Name = "学习资源"; Value = "www.ooocke.com"; VariantName = "[No Variations]"
Add component (AddParameter): Name = "版权归属"; Value = "源创客"; VariantName = "[No Variations]"
Added Pin To Net: NetName=ANT Pin=ANT1-1
Added Pin To Net: NetName=GND Pin=ANT1-2
Added Pin To Net: NetName=GND Pin=ANT1-2
Added Pin To Net: NetName=GND Pin=ANT1-3
Added Pin To Net: NetName=GND Pin=ANT1-3
Added Pin To Net: NetName=VCC_BLUE Pin=C1-1
Added Pin To Net: NetName=GND Pin=C1-2
Added Pin To Net: NetName=VCC_NB Pin=C2-1
Added Pin To Net: NetName=GND Pin=C2-2
Added Pin To Net: NetName=GND Pin=C3-1
Added Pin To Net: NetName=VCC_NB Pin=C3-2
Added Pin To Net: NetName=USIM_IO Pin=C4-1
Added Pin To Net: NetName=GND Pin=C4-2
Added Pin To Net: NetName=GND Pin=C5-1
Added Pin To Net: NetName=USIM_VDD Pin=C5-2
Added Pin To Net: NetName=GND Pin=C6-1
Added Pin To Net: NetName=USIM_RST Pin=C6-2
Added Pin To Net: NetName=GND Pin=C7-1
Added Pin To Net: NetName=USIM_CLK Pin=C7-2
Added Pin To Net: NetName=WakeUp_KEY1_PA0 Pin=C8-1
Added Pin To Net: NetName=GND Pin=C8-2
Added Pin To Net: NetName=GND Pin=C9-1
Added Pin To Net: NetName=MCU_RST Pin=C9-2
Added Pin To Net: NetName=MCU_3.3V Pin=C10-1
Added Pin To Net: NetName=GND Pin=C10-2
Added Pin To Net: NetName=GND Pin=C11-1
Added Pin To Net: NetName=GND Pin=C12-2
Added Pin To Net: NetName=GND Pin=C13-1
Added Pin To Net: NetName=GND Pin=C14-2
Added Pin To Net: NetName=NetC15_1 Pin=C15-1
Added Pin To Net: NetName=GND Pin=C15-2
Added Pin To Net: NetName=VCC_5V Pin=C16-1
Added Pin To Net: NetName=GND Pin=C16-2
Added Pin To Net: NetName=GND Pin=C17-1
Added Pin To Net: NetName=GND Pin=C18-1
Added Pin To Net: NetName=VCC_5V Pin=C19-1
Added Pin To Net: NetName=GND Pin=C19-2
Added Pin To Net: NetName=GND Pin=C20-1
Added Pin To Net: NetName=VCC_5V Pin=C20-2
Added Pin To Net: NetName=GND Pin=C21-2
Added Pin To Net: NetName=MCU_3.3V Pin=C22-1
Added Pin To Net: NetName=GND Pin=C22-2
Added Pin To Net: NetName=GND Pin=C23-1
Added Pin To Net: NetName=MCU_3.3V Pin=C23-2
Added Pin To Net: NetName=GND Pin=C24-1
Added Pin To Net: NetName=MCU_3.3V Pin=C24-2
Added Pin To Net: NetName=GND Pin=C25-1
Added Pin To Net: NetName=MCU_3.3V Pin=C25-2
Added Pin To Net: NetName=GND Pin=C26-1
Added Pin To Net: NetName=MCU_3.3V Pin=C26-2
Added Pin To Net: NetName=GND Pin=C27-1
Added Pin To Net: NetName=MCU_3.3V Pin=C27-2
Added Pin To Net: NetName=NetD1_1 Pin=D1-1
Added Pin To Net: NetName=GND Pin=D1-2
Added Pin To Net: NetName=NetD2_1 Pin=D2-1
Added Pin To Net: NetName=GND Pin=D2-2
Added Pin To Net: NetName=NetD3_1 Pin=D3-1
Added Pin To Net: NetName=GND Pin=D3-2
Added Pin To Net: NetName=NetD4_1 Pin=D4-1
Added Pin To Net: NetName=GND Pin=D4-2
Added Pin To Net: NetName=NetD5_1 Pin=D5-1
Added Pin To Net: NetName=GND Pin=D5-2
Added Pin To Net: NetName=NetD6_1 Pin=D6-1
Added Pin To Net: NetName=LED1 Pin=D6-2
Added Pin To Net: NetName=NetD7_1 Pin=D7-1
Added Pin To Net: NetName=LED2 Pin=D7-2
Added Pin To Net: NetName=NetD8_1 Pin=D8-1
Added Pin To Net: NetName=LED3 Pin=D8-2
Added Pin To Net: NetName=MCU_3.3V Pin=D9-1
Added Pin To Net: NetName=NetC15_1 Pin=D9-2
Added Pin To Net: NetName=NetD10_1 Pin=D10-1
Added Pin To Net: NetName=VCC_5V Pin=D10-2
Added Pin To Net: NetName=MCU_RST Pin=JP1-1
Added Pin To Net: NetName=SWDIO_PA13 Pin=JP1-2
Added Pin To Net: NetName=GND Pin=JP1-3
Added Pin To Net: NetName=SWCLK_PA14 Pin=JP1-4
Added Pin To Net: NetName=MCU_3.3V Pin=JP1-5
Added Pin To Net: NetName=POWER_+ Pin=JP2-1
Added Pin To Net: NetName=NetD10_1 Pin=JP2-2
Added Pin To Net: NetName=POWER_- Pin=JP2-3
Added Pin To Net: NetName=GND Pin=JP2-4
Added Pin To Net: NetName=NetQ1_1 Pin=Q1-1
Added Pin To Net: NetName=GND Pin=Q1-2
Added Pin To Net: NetName=NB_RESET Pin=Q1-3
Added Pin To Net: NetName=NetQ2_1 Pin=Q2-1
Added Pin To Net: NetName=MCU_3.3V Pin=Q2-2
Added Pin To Net: NetName=VCC_BLUE Pin=Q2-3
Added Pin To Net: NetName=NetQ3_1 Pin=Q3-1
Added Pin To Net: NetName=GND Pin=Q3-2
Added Pin To Net: NetName=NetQ2_1 Pin=Q3-3
Added Pin To Net: NetName=NetQ4_1 Pin=Q4-1
Added Pin To Net: NetName=MCU_3.3V Pin=Q4-2
Added Pin To Net: NetName=VCC_NB Pin=Q4-3
Added Pin To Net: NetName=NetQ5_1 Pin=Q5-1
Added Pin To Net: NetName=GND Pin=Q5-2
Added Pin To Net: NetName=NetQ4_1 Pin=Q5-3
Added Pin To Net: NetName=NB_RESET_Control Pin=R1-1
Added Pin To Net: NetName=NetQ1_1 Pin=R1-2
Added Pin To Net: NetName=NetQ1_1 Pin=R2-1
Added Pin To Net: NetName=GND Pin=R2-2
Added Pin To Net: NetName=Blue_RXD_PA2 Pin=R3-2
Added Pin To Net: NetName=NetR4_1 Pin=R4-1
Added Pin To Net: NetName=Blue_TXD_PA3 Pin=R4-2
Added Pin To Net: NetName=USIM_GND Pin=R5-1
Added Pin To Net: NetName=GND Pin=R5-2
Added Pin To Net: NetName=USIM_CLK Pin=R6-1
Added Pin To Net: NetName=USIM_RST Pin=R7-1
Added Pin To Net: NetName=NetR7_2 Pin=R7-2
Added Pin To Net: NetName=USIM_IO Pin=R8-1
Added Pin To Net: NetName=NetR8_2 Pin=R8-2
Added Pin To Net: NetName=USIM_VDD Pin=R9-1
Added Pin To Net: NetName=NetR8_2 Pin=R9-2
Added Pin To Net: NetName=NetQ2_1 Pin=R10-1
Added Pin To Net: NetName=MCU_3.3V Pin=R10-2
Added Pin To Net: NetName=WakeUp_KEY1_PA0 Pin=R11-1
Added Pin To Net: NetName=MCU_3.3V Pin=R11-2
Added Pin To Net: NetName=NetD5_1 Pin=R12-2
Added Pin To Net: NetName=Blue_Power_Control Pin=R13-1
Added Pin To Net: NetName=NetQ3_1 Pin=R13-2
Added Pin To Net: NetName=NB_TXD_PA10 Pin=R14-2
Added Pin To Net: NetName=NetQ3_1 Pin=R15-1
Added Pin To Net: NetName=GND Pin=R15-2
Added Pin To Net: NetName=NB_RXD_PA9 Pin=R16-2
Added Pin To Net: NetName=GND Pin=R17-2
Added Pin To Net: NetName=NetQ4_1 Pin=R18-1
Added Pin To Net: NetName=MCU_3.3V Pin=R18-2
Added Pin To Net: NetName=MCU_3.3V Pin=R19-1
Added Pin To Net: NetName=NetD6_1 Pin=R19-2
Added Pin To Net: NetName=MCU_RST Pin=R20-1
Added Pin To Net: NetName=MCU_3.3V Pin=R20-2
Added Pin To Net: NetName=NB_Power_Control Pin=R21-1
Added Pin To Net: NetName=NetQ5_1 Pin=R21-2
Added Pin To Net: NetName=MCU_3.3V Pin=R22-1
Added Pin To Net: NetName=NetD7_1 Pin=R22-2
Added Pin To Net: NetName=NetQ5_1 Pin=R23-1
Added Pin To Net: NetName=GND Pin=R23-2
Added Pin To Net: NetName=MCU_3.3V Pin=R24-1
Added Pin To Net: NetName=NetD8_1 Pin=R24-2
Added Pin To Net: NetName=OLED_CLK Pin=R25-1
Added Pin To Net: NetName=Net1_6 Pin=R25-2
Added Pin To Net: NetName=OLED_MOSI Pin=R26-1
Added Pin To Net: NetName=Net1_5 Pin=R26-2
Added Pin To Net: NetName=OLED_DC Pin=R27-1
Added Pin To Net: NetName=Net1_4 Pin=R27-2
Added Pin To Net: NetName=OLED_CS1 Pin=R28-1
Added Pin To Net: NetName=Net1_3 Pin=R28-2
Added Pin To Net: NetName=GND Pin=R29-2
Added Pin To Net: NetName=OLED_FSO Pin=R30-1
Added Pin To Net: NetName=Net1_2 Pin=R30-2
Added Pin To Net: NetName=OLED_CS2 Pin=R31-1
Added Pin To Net: NetName=Net1_9 Pin=R31-2
Added Pin To Net: NetName=GND Pin=R32-1
Added Pin To Net: NetName=MCU_3.3V Pin=R33-1
Added Pin To Net: NetName=USART3_TXD_PB11 Pin=R34-1
Added Pin To Net: NetName=USART3_RXD_PB10 Pin=R35-1
Added Pin To Net: NetName=NetR35_2 Pin=R35-2
Added Pin To Net: NetName=Blue_RST Pin=RP1-1
Added Pin To Net: NetName=Blue_IN Pin=RP1-2
Added Pin To Net: NetName=Blue_EN Pin=RP1-3
Added Pin To Net: NetName=Blue_STATE Pin=RP1-4
Added Pin To Net: NetName=NetD4_1 Pin=RP1-5
Added Pin To Net: NetName=NetD3_1 Pin=RP1-6
Added Pin To Net: NetName=NetD2_1 Pin=RP1-7
Added Pin To Net: NetName=NetD1_1 Pin=RP1-8
Added Pin To Net: NetName=WakeUp_KEY1_PA0 Pin=S1-1
Added Pin To Net: NetName=GND Pin=S1-2
Added Pin To Net: NetName=MCU_RST Pin=S2-1
Added Pin To Net: NetName=GND Pin=S2-2
Added Pin To Net: NetName=GND Pin=U1-1
Added Pin To Net: NetName=VCC_BLUE Pin=U1-2
Added Pin To Net: NetName=NetR4_1 Pin=U1-8
Added Pin To Net: NetName=Blue_STATE Pin=U1-10
Added Pin To Net: NetName=Blue_EN Pin=U1-12
Added Pin To Net: NetName=Blue_IN Pin=U1-13
Added Pin To Net: NetName=Blue_RST Pin=U1-14
Added Pin To Net: NetName=GND Pin=U2-2
Added Pin To Net: NetName=GND Pin=U2-2
Added Pin To Net: NetName=GND Pin=U2-13
Added Pin To Net: NetName=GND Pin=U2-14
Added Pin To Net: NetName=GND Pin=U2-15
Added Pin To Net: NetName=GND Pin=U2-16
Added Pin To Net: NetName=GND Pin=U2-17
Added Pin To Net: NetName=GND Pin=U2-18
Added Pin To Net: NetName=GND Pin=U2-19
Added Pin To Net: NetName=ANT Pin=U2-20
Added Pin To Net: NetName=GND Pin=U2-21
Added Pin To Net: NetName=NB_RESET Pin=U2-22
Added Pin To Net: NetName=USIM_IO Pin=U2-28
Added Pin To Net: NetName=USIM_CLK Pin=U2-29
Added Pin To Net: NetName=USIM_RST Pin=U2-30
Added Pin To Net: NetName=USIM_VDD Pin=U2-31
Added Pin To Net: NetName=USIM_GND Pin=U2-35
Added Pin To Net: NetName=GND Pin=U2-37
Added Pin To Net: NetName=GND Pin=U2-38
Added Pin To Net: NetName=VCC_NB Pin=U2-39
Added Pin To Net: NetName=VCC_NB Pin=U2-40
Added Pin To Net: NetName=GND Pin=U2-41
Added Pin To Net: NetName=GND Pin=U2-42
Added Pin To Net: NetName=NetC15_1 Pin=U4-1
Added Pin To Net: NetName=MCU_RST Pin=U4-7
Added Pin To Net: NetName=GND Pin=U4-8
Added Pin To Net: NetName=WakeUp_KEY1_PA0 Pin=U4-10
Added Pin To Net: NetName=Blue_Power_Control Pin=U4-11
Added Pin To Net: NetName=Blue_RXD_PA2 Pin=U4-12
Added Pin To Net: NetName=Blue_TXD_PA3 Pin=U4-13
Added Pin To Net: NetName=Blue_RST Pin=U4-14
Added Pin To Net: NetName=Blue_IN Pin=U4-15
Added Pin To Net: NetName=Blue_EN Pin=U4-16
Added Pin To Net: NetName=Blue_STATE Pin=U4-17
Added Pin To Net: NetName=USART3_RXD_PB10 Pin=U4-21
Added Pin To Net: NetName=USART3_TXD_PB11 Pin=U4-22
Added Pin To Net: NetName=GND Pin=U4-23
Added Pin To Net: NetName=MCU_3.3V Pin=U4-24
Added Pin To Net: NetName=LED1 Pin=U4-25
Added Pin To Net: NetName=LED2 Pin=U4-26
Added Pin To Net: NetName=LED3 Pin=U4-27
Added Pin To Net: NetName=NB_RESET_Control Pin=U4-29
Added Pin To Net: NetName=NB_RXD_PA9 Pin=U4-30
Added Pin To Net: NetName=NB_TXD_PA10 Pin=U4-31
Added Pin To Net: NetName=NB_Power_Control Pin=U4-33
Added Pin To Net: NetName=SWDIO_PA13 Pin=U4-34
Added Pin To Net: NetName=GND Pin=U4-35
Added Pin To Net: NetName=MCU_3.3V Pin=U4-36
Added Pin To Net: NetName=SWCLK_PA14 Pin=U4-37
Added Pin To Net: NetName=OLED_CLK Pin=U4-40
Added Pin To Net: NetName=OLED_MOSI Pin=U4-41
Added Pin To Net: NetName=OLED_DC Pin=U4-42
Added Pin To Net: NetName=OLED_CS1 Pin=U4-43
Added Pin To Net: NetName=OLED_FSO Pin=U4-45
Added Pin To Net: NetName=OLED_CS2 Pin=U4-46
Added Pin To Net: NetName=GND Pin=U4-47
Added Pin To Net: NetName=MCU_3.3V Pin=U4-48
Added Pin To Net: NetName=GND Pin=U5-1
Added Pin To Net: NetName=NetR35_2 Pin=U5-3
Added Pin To Net: NetName=UD+ Pin=U5-5
Added Pin To Net: NetName=UD- Pin=U5-6
Added Pin To Net: NetName=VCC_5V Pin=U5-16
Added Pin To Net: NetName=GND Pin=U6-1
Added Pin To Net: NetName=MCU_3.3V Pin=U6-2
Added Pin To Net: NetName=VCC_5V Pin=U6-3
Added Pin To Net: NetName=MCU_3.3V Pin=U6-4
Added Pin To Net: NetName=VCC_5V Pin=USB1-1
Added Pin To Net: NetName=UD- Pin=USB1-2
Added Pin To Net: NetName=UD+ Pin=USB1-3
Added Pin To Net: NetName=GND Pin=USB1-4
Added Pin To Net: NetName=GND Pin=USB1-5
Added Pin To Net: NetName=GND Pin=USB1-5
Added Pin To Net: NetName=GND Pin=USB1-5
Added Pin To Net: NetName=GND Pin=USB1-5
Added Pin To Net: NetName=GND Pin=USB1-5
Added Pin To Net: NetName=NetV1_1 Pin=V1-1
Added Pin To Net: NetName=NetV1_1 Pin=V1-2
Added Pin To Net: NetName=POWER_+ Pin=V1-3
Added Pin To Net: NetName=POWER_- Pin=V1-4
Added Pin To Net: NetName=NetC11_2 Pin=C11-2
Added Pin To Net: NetName=NetC11_2 Pin=U4-5
Added Pin To Net: NetName=NetC11_2 Pin=X1-3
Added Net: Name=NetC11_2
Added Pin To Net: NetName=NetC12_1 Pin=C12-1
Added Pin To Net: NetName=NetC12_1 Pin=U4-3
Added Pin To Net: NetName=NetC12_1 Pin=X2-2
Added Net: Name=NetC12_1
Added Pin To Net: NetName=NetC13_2 Pin=C13-2
Added Pin To Net: NetName=NetC13_2 Pin=U4-6
Added Pin To Net: NetName=NetC13_2 Pin=X1-1
Added Net: Name=NetC13_2
Added Pin To Net: NetName=NetC14_1 Pin=C14-1
Added Pin To Net: NetName=NetC14_1 Pin=U4-4
Added Pin To Net: NetName=NetC14_1 Pin=X2-1
Added Net: Name=NetC14_1
Added Pin To Net: NetName=NetC17_2 Pin=C17-2
Added Pin To Net: NetName=NetC17_2 Pin=C18-2
Added Pin To Net: NetName=NetC17_2 Pin=R33-2
Added Pin To Net: NetName=NetC17_2 Pin=U4-9
Added Net: Name=NetC17_2
Added Pin To Net: NetName=NetC21_1 Pin=C21-1
Added Pin To Net: NetName=NetC21_1 Pin=U5-4
Added Net: Name=NetC21_1
Added Pin To Net: NetName=NetR3_1 Pin=R3-1
Added Pin To Net: NetName=NetR3_1 Pin=U1-9
Added Net: Name=NetR3_1
Added Pin To Net: NetName=NetR6_2 Pin=R6-2
Added Net: Name=NetR6_2
Added Pin To Net: NetName=NetR12_1 Pin=R12-1
Added Pin To Net: NetName=NetR12_1 Pin=U2-27
Added Net: Name=NetR12_1
Added Pin To Net: NetName=NetR14_1 Pin=R14-1
Added Pin To Net: NetName=NetR14_1 Pin=R17-1
Added Pin To Net: NetName=NetR14_1 Pin=U2-24
Added Net: Name=NetR14_1
Added Pin To Net: NetName=NetR16_1 Pin=R16-1
Added Pin To Net: NetName=NetR16_1 Pin=U2-23
Added Net: Name=NetR16_1
Added Pin To Net: NetName=NetR29_1 Pin=R29-1
Added Pin To Net: NetName=NetR29_1 Pin=U4-20
Added Net: Name=NetR29_1
Added Pin To Net: NetName=NetR32_2 Pin=R32-2
Added Pin To Net: NetName=NetR32_2 Pin=U4-44
Added Net: Name=NetR32_2
Added Pin To Net: NetName=NetR34_2 Pin=R34-2
Added Pin To Net: NetName=NetR34_2 Pin=U5-2
Added Net: Name=NetR34_2
Added Member To Class: ClassName=NB-Blue Member=Component ANT1 ANT
Added Member To Class: ClassName=NB-Blue Member=Component C1 100nF
Added Member To Class: ClassName=NB-Blue Member=Component C2 470uF/35V
Added Member To Class: ClassName=NB-Blue Member=Component C3 100nF
Added Member To Class: ClassName=NB-Blue Member=Component C4 33P
Added Member To Class: ClassName=NB-Blue Member=Component C5 100nF
Added Member To Class: ClassName=NB-Blue Member=Component C6 33P
Added Member To Class: ClassName=NB-Blue Member=Component C7 33P
Added Member To Class: ClassName=NB-Blue Member=Component C8 100nF
Added Member To Class: ClassName=NB-Blue Member=Component C9 10uF
Added Member To Class: ClassName=NB-Blue Member=Component C10 100nF
Added Member To Class: ClassName=NB-Blue Member=Component C11 22p
Added Member To Class: ClassName=NB-Blue Member=Component C12 22p
Added Member To Class: ClassName=NB-Blue Member=Component C13 22p
Added Member To Class: ClassName=NB-Blue Member=Component C14 22p
Added Member To Class: ClassName=NB-Blue Member=Component C15 100nF
Added Member To Class: ClassName=NB-Blue Member=Component C16 100nF
Added Member To Class: ClassName=NB-Blue Member=Component C17 10uF
Added Member To Class: ClassName=NB-Blue Member=Component C18 100nF
Added Member To Class: ClassName=NB-Blue Member=Component C19 470uF/35V
Added Member To Class: ClassName=NB-Blue Member=Component C20 100nF
Added Member To Class: ClassName=NB-Blue Member=Component C21 100nF
Added Member To Class: ClassName=NB-Blue Member=Component C22 470uF/35V
Added Member To Class: ClassName=NB-Blue Member=Component C23 100nF
Added Member To Class: ClassName=NB-Blue Member=Component C24 10uF
Added Member To Class: ClassName=NB-Blue Member=Component C25 1uF
Added Member To Class: ClassName=NB-Blue Member=Component C26 100nF
Added Member To Class: ClassName=NB-Blue Member=Component C27 10nF
Added Member To Class: ClassName=NB-Blue Member=Component D1 LED
Added Member To Class: ClassName=NB-Blue Member=Component D2 LED
Added Member To Class: ClassName=NB-Blue Member=Component D3 LED
Added Member To Class: ClassName=NB-Blue Member=Component D4 LED
Added Member To Class: ClassName=NB-Blue Member=Component D5 LED
Added Member To Class: ClassName=NB-Blue Member=Component D6 LED
Added Member To Class: ClassName=NB-Blue Member=Component D7 LED
Added Member To Class: ClassName=NB-Blue Member=Component D8 LED
Added Member To Class: ClassName=NB-Blue Member=Component D9 1N4148
Added Member To Class: ClassName=NB-Blue Member=Component D10 SS34
Added Member To Class: ClassName=NB-Blue Member=Component JP1 HDR-1X5
Added Member To Class: ClassName=NB-Blue Member=Component JP2 Header2X2
Added Member To Class: ClassName=NB-Blue Member=Component Q1 SS8050
Added Member To Class: ClassName=NB-Blue Member=Component Q2 AO3401
Added Member To Class: ClassName=NB-Blue Member=Component Q3 SS8050
Added Member To Class: ClassName=NB-Blue Member=Component Q4 AO3401
Added Member To Class: ClassName=NB-Blue Member=Component Q5 SS8050
Added Member To Class: ClassName=NB-Blue Member=Component R1 1K
Added Member To Class: ClassName=NB-Blue Member=Component R2 10K
Added Member To Class: ClassName=NB-Blue Member=Component R3 10R
Added Member To Class: ClassName=NB-Blue Member=Component R4 10R
Added Member To Class: ClassName=NB-Blue Member=Component R5 0R
Added Member To Class: ClassName=NB-Blue Member=Component R6 10R
Added Member To Class: ClassName=NB-Blue Member=Component R7 10R
Added Member To Class: ClassName=NB-Blue Member=Component R8 10R
Added Member To Class: ClassName=NB-Blue Member=Component R9 10K
Added Member To Class: ClassName=NB-Blue Member=Component R10 10K
Added Member To Class: ClassName=NB-Blue Member=Component R11 10K
Added Member To Class: ClassName=NB-Blue Member=Component R12 470R
Added Member To Class: ClassName=NB-Blue Member=Component R13 1K
Added Member To Class: ClassName=NB-Blue Member=Component R14 1K
Added Member To Class: ClassName=NB-Blue Member=Component R15 10K
Added Member To Class: ClassName=NB-Blue Member=Component R16 10R
Added Member To Class: ClassName=NB-Blue Member=Component R17 10K
Added Member To Class: ClassName=NB-Blue Member=Component R18 10K
Added Member To Class: ClassName=NB-Blue Member=Component R19 470R
Added Member To Class: ClassName=NB-Blue Member=Component R20 10K
Added Member To Class: ClassName=NB-Blue Member=Component R21 1K
Added Member To Class: ClassName=NB-Blue Member=Component R22 470R
Added Member To Class: ClassName=NB-Blue Member=Component R23 10K
Added Member To Class: ClassName=NB-Blue Member=Component R24 470R
Added Member To Class: ClassName=NB-Blue Member=Component R25 200R
Added Member To Class: ClassName=NB-Blue Member=Component R26 200R
Added Member To Class: ClassName=NB-Blue Member=Component R27 200R
Added Member To Class: ClassName=NB-Blue Member=Component R28 200R
Added Member To Class: ClassName=NB-Blue Member=Component R29 10K
Added Member To Class: ClassName=NB-Blue Member=Component R30 200R
Added Member To Class: ClassName=NB-Blue Member=Component R31 200R
Added Member To Class: ClassName=NB-Blue Member=Component R32 10K
Added Member To Class: ClassName=NB-Blue Member=Component R33 10R
Added Member To Class: ClassName=NB-Blue Member=Component R34 220
Added Member To Class: ClassName=NB-Blue Member=Component R35 220
Added Member To Class: ClassName=NB-Blue Member=Component RP1 470
Added Member To Class: ClassName=NB-Blue Member=Component S1 SW-PB
Added Member To Class: ClassName=NB-Blue Member=Component S2 SW-PB
Added Member To Class: ClassName=NB-Blue Member=Component U1 XG-BM02X
Added Member To Class: ClassName=NB-Blue Member=Component U2 NBXX-01
Added Member To Class: ClassName=NB-Blue Member=Component U4 STM32F103C8
Added Member To Class: ClassName=NB-Blue Member=Component U5 CH340C
Added Member To Class: ClassName=NB-Blue Member=Component U6 AMS1117-3.3
Added Member To Class: ClassName=NB-Blue Member=Component USB1 USB-5P
Added Member To Class: ClassName=NB-Blue Member=Component V1 18650*2
Added Member To Class: ClassName=NB-Blue Member=Component X1 8M
Added Member To Class: ClassName=NB-Blue Member=Component X2 32.768K
Added Room: Name=NB-Blue
